(---------------------------------------------------------------------)
(                                                                     )
(    Auto-interactive Convert Corner - Aicc                           )
(                                                                     )
(    Drawing          : wireless_cmsis_dap_sent_V2.brd                )
(    Software Version : 17.4P001                                      )
(    Date/Time        : Mon May 18 03:50:13 2020                      )
(                                                                     )
(---------------------------------------------------------------------)


CommandStart AiCC ************************************************************

Convert Corner Parameters:
Convert Type:           ARC
Allow in cns areas:     Yes
Preferred Radius Size:  5x Line Width
Min Radius Size:        1x Line Width
Allow DRCs:             No

Result: 3 of 12 failed to convert

Cline vertex:xy (-15.7100 -2.6800)	subclass: TOP	net_name: N03045 
Cline vertex:xy (-15.7100 -0.4100)	subclass: TOP	net_name: N03045 
Cline vertex:xy (-15.7149 -0.4100)	subclass: TOP	net_name: N03045 

CommandEnd AiCC **************************************************************
