(---------------------------------------------------------------------)
(                                                                     )
(    NC DRILL Log                                                     )
(                                                                     )
(    Drawing          : wireless_cmsis_dap_sent_V2.brd                )
(    Software Version : unreleased                                    )
(    Date/Time        : Tue May 19 00:31:04 2020                      )
(                                                                     )
(---------------------------------------------------------------------)



 Processing NC Parameters file 'nc_param.txt' ...

 NC PARAMETERS
 -------------

 FORMAT   		2.5
 MACHINE-OFFSET		x:0.00000	y:0.00000   (mm)
 FEEDRATE		1
 COORDINATES		ABSOLUTE
 OUTPUT-UNITS		METRIC
 TOOL-ORDER		INCREASING
 REPEAT-CODES		YES
 SUPPRESS-LEAD-ZEROES	YES
 SUPPRESS-TRAIL-ZEROES	NO
 SUPPRESS-EQUAL		NO
 TOOL-SELECT		YES
 HEADER			none
 LEADER			12
 CODE			ASCII
 SEPARATE		NO
 SEPARATE-ROUTING	NO
 OPTIMIZE_DRILLING	NO
 ENHANCED_EXCELLON	NO
 SCALE			1.000000

 WARNING(SPMHMF-365): This design contains 2 slot holes that cannot be drilled.
 WARNING(SPMHMF-366): They can be processed by NC routing instead.
 WARNING(SPMHMF-368): Cannot find NC Drill tool file 'nc_tools.txt'
 WARNING(SPMHMF-369): ... will auto-generate tool file 'nc_tools_auto.txt'.


     Auto-generating tool file 'nc_tools_auto.txt' ...

           Size  Plating  Tool        + Tolerance  - Tolerance

         0.3302  P        T01            0.000000     0.000000
         0.9000  P        T02            0.000000     0.000000
         1.0000  P        T03            0.000000     0.000000
         1.5000  P        T04            0.000000     0.000000
         1.2000  N        T05            0.000000     0.000000


 Drill files being output to directory 'H:/myfile/wireless_jtag/wireless_cmsis_dap_sent_V2/gerber' ...



     'wireless_cmsis_dap_sent_V2-1-2.drl' created for holes connecting TOP and BOTTOM
     --------------------------------------------------------------------------------

     Tool  Num     Size      +/- Tolerance     Plating   Quantity

     T01    1.   0.3302    0.0000/  0.0000      PLATED         91
     T02    2.   0.9000    0.0000/  0.0000      PLATED          4
     T03    3.   1.0000    0.0000/  0.0000      PLATED          1
     T04    4.   1.5000    0.0000/  0.0000      PLATED          4
     T05    5.   1.2000    0.0000/  0.0000  NON_PLATED          2

     ---- Total holes:                                        102

     ---- Total head travel:              1.59 feet (0.49 meters)

