Padstack Library Drill Report
H:/myfile/wireless_jtag/wireless_cmsis_dap_recieve_V2/cmsis_dap_receive.brd
Mon May 18 05:25:54 2020

,Padstack,Type,Size X,Size Y,ToolSize,+ Tolerance,- Tolerance,Symbol Figure,Symbol Characters,Symbol Size X,Symbol Size Y,Plating,Non-standard Drill
1,100R110,Circle Drill,2.7940,,,0.0000,0.0000,Circle,A,2.7940,2.7940,Plated,
2,55R36,Circle Drill,0.9652,,,0.0000,0.0000,Circle,A,0.9652,0.9652,Plated,
3,55S36,Circle Drill,0.9652,,,0.0000,0.0000,Circle,A,0.9652,0.9652,Plated,
4,60S85C35D,Circle Drill,0.8890,,,0.0000,0.0000,Circle,,1.2700,1.2700,Plated,
5,75R47,Circle Drill,1.1938,,,0.0000,0.0000,Circle,A,1.1938,1.1938,Plated,
6,BCON100T_LIB_PAD1,Circle Drill,0.9652,,,0.0000,0.0000,Circle,A,0.9652,0.9652,Plated,
7,BCON100T_LIB_PAD2,Circle Drill,0.9652,,,0.0000,0.0000,Circle,A,0.9652,0.9652,Plated,
8,BCON100T_LLB_PAD1,Circle Drill,0.9398,,,0.0000,0.0000,Circle,A,0.9398,0.9398,Plated,
9,BCON100T_LLB_PAD2,Circle Drill,0.9398,,,0.0000,0.0000,Circle,A,0.9398,0.9398,Plated,
10,BCON100T_LLB_PAD3,Circle Drill,1.0668,,,0.0000,0.0000,Circle,A,1.0668,1.0668,Plated,
11,BCON100T_LLB_PAD4,Circle Drill,1.0668,,,0.0000,0.0000,Circle,A,1.0668,1.0668,Plated,
12,BCON156T_LIB_PAD1,Circle Drill,1.7780,,,0.0000,0.0000,Circle,A,1.7780,1.7780,Plated,
13,BCON156T_LIB_PAD2,Circle Drill,1.7780,,,0.0000,0.0000,Circle,A,1.7780,1.7780,Plated,
14,BCON156T_LLB_PAD1,Circle Drill,1.7780,,,0.0000,0.0000,Circle,A,1.7780,1.7780,Plated,
15,BCON156T_LLB_PAD2,Circle Drill,1.7780,,,0.0000,0.0000,Circle,A,1.7780,1.7780,Plated,
16,C150H90T130_160_25,Circle Drill,0.9000,,,0.0000,0.0000,Octagon,b,0.9000,0.9000,Plated,
17,CLCC_LLB_PAD15,Circle Drill,0.8636,,,0.0000,0.0000,Circle,A,0.8636,0.8636,Plated,
18,CLCC_LLB_PAD16_1,Circle Drill,0.8636,,,0.0000,0.0000,Circle,A,0.8636,0.8636,Plated,
19,CLCC_LLB_PAD17_1,Circle Drill,0.8636,,,0.0000,0.0000,Circle,A,0.8636,0.8636,Plated,
20,CLCC_LLB_PAD18_1,Circle Drill,0.8636,,,0.0000,0.0000,Circle,A,0.8636,0.8636,Plated,
21,CLCC_LLB_PAD19,Circle Drill,0.8636,,,0.0000,0.0000,Circle,A,0.8636,0.8636,Plated,
22,DCON050T_LLB_HOLE1,Circle Drill,2.7686,,,0.0000,0.0000,Circle,A,2.7686,2.7686,Plated,
23,DCON050T_LLB_PAD1,Circle Drill,0.8636,,,0.0000,0.0000,Circle,A,0.8636,0.8636,Plated,
24,DCON050T_LLB_PAD2,Circle Drill,0.8636,,,0.0000,0.0000,Circle,A,0.8636,0.8636,Plated,
25,DCON085T_LLB_HOLE1,Circle Drill,3.0734,,,0.0000,0.0000,Circle,A,3.0734,3.0734,Plated,
26,DCON085T_LLB_PAD1,Circle Drill,1.0668,,,0.0000,0.0000,Circle,A,1.0668,1.0668,Plated,
27,DCON085T_LLB_PAD2,Circle Drill,1.0668,,,0.0000,0.0000,Circle,A,1.0668,1.0668,Plated,
28,DCON085T_LLB_PAD3,Circle Drill,1.0668,,,0.0000,0.0000,Circle,A,1.0668,1.0668,Plated,
29,DCON085T_LLB_PAD4,Circle Drill,1.0668,,,0.0000,0.0000,Circle,A,1.0668,1.0668,Plated,
30,DCON085T_LLB_PAD5,Circle Drill,0.8636,,,0.0000,0.0000,Circle,A,0.8636,0.8636,Plated,
31,DCON085T_LLB_PAD6,Circle Drill,0.8636,,,0.0000,0.0000,Circle,A,0.8636,0.8636,Plated,
32,DCON085T_LLB_PAD7_1,Circle Drill,0.8636,,,0.0000,0.0000,Circle,A,0.8636,0.8636,Plated,
33,DCON085T_LLB_PAD8_1,Circle Drill,0.8636,,,0.0000,0.0000,Circle,A,0.8636,0.8636,Plated,
34,DIMM050F_LLB_HOLE1,Circle Drill,3.1750,,,0.0000,0.0000,Circle,A,3.1750,3.1750,Plated,
35,DIMM050F_LLB_HOLE2,Circle Drill,2.9972,,,0.0000,0.0000,Circle,A,2.9972,2.9972,Plated,
36,DIMM050T_LLB_HOLE1,Circle Drill,2.3876,,,0.0000,0.0000,Circle,A,2.3876,2.3876,Plated,
37,DIMM050T_LLB_HOLE2,Circle Drill,1.6002,,,0.0000,0.0000,Circle,A,1.6002,1.6002,Plated,
38,DIMM050T_LLB_PAD1,Circle Drill,0.8128,,,0.0000,0.0000,Circle,A,0.8128,0.8128,Plated,
39,DIMM050T_LLB_PAD2,Circle Drill,0.8128,,,0.0000,0.0000,Circle,A,0.8128,0.8128,Plated,
40,DIN_LIB_PAD10,Circle Drill,1.5240,,,0.0000,0.0000,Circle,A,1.5240,1.5240,Plated,
41,DIN_LLB_HOLE1,Circle Drill,2.9464,,,0.0000,0.0000,Circle,A,2.9464,2.9464,Plated,
42,DIN_LLB_PAD1,Circle Drill,0.7874,,,0.0000,0.0000,Circle,A,0.7874,0.7874,Plated,
43,DIN_LLB_PAD10,Circle Drill,1.5240,,,0.0000,0.0000,Circle,A,1.5240,1.5240,Plated,
44,DIN_LLB_PAD11,Circle Drill,2.3114,,,0.0000,0.0000,Circle,A,2.3114,2.3114,Plated,
45,DIN_LLB_PAD2,Circle Drill,0.8636,,,0.0000,0.0000,Circle,A,0.8636,0.8636,Plated,
46,DIN_LLB_PAD3,Circle Drill,0.8636,,,0.0000,0.0000,Circle,A,0.8636,0.8636,Plated,
47,DIN_LLB_PAD4,Circle Drill,0.7874,,,0.0000,0.0000,Circle,A,0.7874,0.7874,Plated,
48,DIN_LLB_PAD5_1,Circle Drill,1.1684,,,0.0000,0.0000,Circle,A,1.1684,1.1684,Plated,
49,DIN_LLB_PAD6_1,Circle Drill,1.1684,,,0.0000,0.0000,Circle,A,1.1684,1.1684,Plated,
50,DIP100T_LLB_PAD1,Circle Drill,0.8636,,,0.0000,0.0000,Circle,A,0.8636,0.8636,Plated,
51,DIP100T_LLB_PAD2,Circle Drill,0.8636,,,0.0000,0.0000,Circle,A,0.8636,0.8636,Plated,
52,DIP100T_LLB_PAD3,Circle Drill,0.8636,,,0.0000,0.0000,Circle,A,0.8636,0.8636,Plated,
53,DIP100T_LLB_PAD3_1,Circle Drill,0.8636,,,0.0000,0.0000,Circle,A,0.8636,0.8636,Plated,
54,DIP100T_LLB_PAD4,Circle Drill,0.8636,,,0.0000,0.0000,Circle,A,0.8636,0.8636,Plated,
55,DIP100T_LLB_PAD4_1,Circle Drill,0.8636,,,0.0000,0.0000,Circle,A,0.8636,0.8636,Plated,
56,DIP100T_LLB_PAD5,Circle Drill,0.8636,,,0.0000,0.0000,Circle,A,0.8636,0.8636,Plated,
57,DIP100T_LLB_PAD5_1,Circle Drill,0.8636,,,0.0000,0.0000,Circle,A,0.8636,0.8636,Plated,
58,DSUBT_HD_LLB_HOLE1,Circle Drill,3.0480,,,0.0000,0.0000,Circle,A,3.0480,3.0480,Plated,
59,DSUBT_HD_LLB_PAD1_1,Circle Drill,1.0668,,,0.0000,0.0000,Circle,A,1.0668,1.0668,Plated,
60,DSUBT_HD_LLB_PAD2_1,Circle Drill,1.0668,,,0.0000,0.0000,Circle,A,1.0668,1.0668,Plated,
61,DSUBT_HD_LLB_PAD3,Circle Drill,1.0668,,,0.0000,0.0000,Circle,A,1.0668,1.0668,Plated,
62,DSUBT_HD_LLB_PAD4,Circle Drill,1.0668,,,0.0000,0.0000,Circle,A,1.0668,1.0668,Plated,
63,DSUBT_LIB_HOLE1,Circle Drill,3.0480,,,0.0000,0.0000,Circle,A,3.0480,3.0480,Plated,
64,DSUBT_LIB_PAD3,Circle Drill,1.0668,,,0.0000,0.0000,Circle,A,1.0668,1.0668,Plated,
65,DSUBT_LIB_PAD4,Circle Drill,1.0668,,,0.0000,0.0000,Circle,A,1.0668,1.0668,Plated,
66,DSUBT_LLB_HOLE1,Circle Drill,3.0480,,,0.0000,0.0000,Circle,A,3.0480,3.0480,Plated,
67,DSUBT_LLB_PAD1,Circle Drill,1.0668,,,0.0000,0.0000,Circle,A,1.0668,1.0668,Plated,
68,DSUBT_LLB_PAD1_1,Circle Drill,1.0668,,,0.0000,0.0000,Circle,A,1.0668,1.0668,Plated,
69,DSUBT_LLB_PAD2,Circle Drill,1.0668,,,0.0000,0.0000,Circle,A,1.0668,1.0668,Plated,
70,DSUBT_LLB_PAD2_1,Circle Drill,1.0668,,,0.0000,0.0000,Circle,A,1.0668,1.0668,Plated,
71,DSUBT_LLB_PAD3,Circle Drill,1.0668,,,0.0000,0.0000,Circle,A,1.0668,1.0668,Plated,
72,DSUBT_LLB_PAD4,Circle Drill,1.0668,,,0.0000,0.0000,Circle,A,1.0668,1.0668,Plated,
73,ECON100T_LLB_PAD1,Circle Drill,1.0160,,,0.0000,0.0000,Circle,A,1.0160,1.0160,Plated,
74,ECON100T_LLB_PAD2,Circle Drill,1.0160,,,0.0000,0.0000,Circle,A,1.0160,1.0160,Plated,
75,EUROA,Circle Drill,0.9398,,,0.0000,0.0000,Square,,0.2540,0.2540,Plated,
76,EUROE,Circle Drill,3.1750,,,0.0000,0.0000,Hexagon X,,3.1750,3.1750,Plated,
77,EX152Y152D152P,Circle Drill,3.8608,,,0.0000,0.0000,,L,1.0160,1.0160,Non-Plated,
78,EX154Y154D154P,Circle Drill,3.9116,,,0.0000,0.0000,,N,1.0160,1.0160,Non-Plated,
79,EX75Y75D55P,Circle Drill,1.3970,,,0.0000,0.0000,Triangle,2,1.0160,1.0160,Plated,
80,EX78Y78D58P,Circle Drill,1.4732,,,0.0000,0.0000,Triangle,5,1.0160,1.0160,Plated,
81,FBUS_LLB_HOLE1,Circle Drill,1.5240,,,0.0000,0.0000,Circle,A,1.5240,1.5240,Plated,
82,FBUS_LLB_HOLE2,Circle Drill,2.0574,,,0.0000,0.0000,Circle,A,2.0574,2.0574,Plated,
83,FBUS_LLB_PAD1,Circle Drill,0.7112,,,0.0000,0.0000,Circle,A,0.7112,0.7112,Plated,
84,FBUS_LLB_PAD2,Circle Drill,0.7112,,,0.0000,0.0000,Circle,A,0.7112,0.7112,Plated,
85,HOLE106P,Circle Drill,2.6670,,,0.0000,0.0000,Circle,,0.2540,0.2540,Plated,
86,HOLE109P,Circle Drill,2.7432,,,0.0000,0.0000,Circle,,0.2540,0.2540,Plated,
87,HOLE109U,Circle Drill,2.7686,,,0.0000,0.0000,,Y,1.9050,1.9050,Non-Plated,
88,HOLE120,Circle Drill,3.0480,,,0.0000,0.0000,Circle,,3.1242,3.1242,Plated,
89,HOLE130P,Circle Drill,3.3020,,,0.0000,0.0000,Oblong Y,,1.9050,2.2860,Plated,
90,HOLE135,Circle Drill,3.4290,,,0.0000,0.0000,Cross,,3.4290,3.4290,Non-Plated,
91,HOLE145,Circle Drill,3.6830,,,0.0000,0.0000,Cross,,3.6830,3.6830,Non-Plated,
92,HOLE150,Circle Drill,3.8100,,,0.0000,0.0000,Circle,,3.8862,3.8862,Plated,
93,HOLE160,Circle Drill,4.0640,,,0.0000,0.0000,Cross,,4.0640,4.0640,Non-Plated,
94,HOLE165,Circle Drill,4.1910,,,0.0000,0.0000,Cross,,4.1910,4.1910,Non-Plated,
95,HOLE170,Circle Drill,4.3180,,,0.0000,0.0000,Cross,,4.3180,4.3180,Plated,
96,HOLE180,Circle Drill,4.5720,,,0.0000,0.0000,Cross,,4.5720,4.5720,Non-Plated,
97,HOLE190,Circle Drill,4.8260,,,0.0000,0.0000,Cross,,4.8260,4.8260,Non-Plated,
98,HOLE210,Circle Drill,5.3340,,,0.0000,0.0000,Cross,,5.3340,5.3340,Non-Plated,
99,HOLE230,Circle Drill,5.8420,,,0.0000,0.0000,Cross,,5.8420,5.8420,Non-Plated,
100,HOLE265,Circle Drill,6.7564,,,0.0000,0.0000,Cross,,6.7564,6.7564,Non-Plated,
101,HOLE280,Circle Drill,7.1120,,,0.0000,0.0000,Cross,,7.1120,7.1120,Non-Plated,
102,HOLE285,Circle Drill,7.2390,,,0.0000,0.0000,Cross,,7.2390,7.2390,Non-Plated,
103,HOLE540,Circle Drill,13.7160,,,0.0000,0.0000,Cross,,13.7160,13.7160,Non-Plated,
104,HOLE800,Circle Drill,20.3200,,,0.0000,0.0000,Cross,,20.3200,20.3200,Plated,
105,ISA_LLB_PAD1,Circle Drill,1.0160,,,0.0000,0.0000,Circle,A,1.0160,1.0160,Plated,
106,ISA_LLB_PAD2,Circle Drill,1.0160,,,0.0000,0.0000,Circle,A,1.0160,1.0160,Plated,
107,J1,Circle Drill,0.9652,,,0.0000,0.0000,Circle,A,0.9652,0.9652,Plated,
108,LCON100T_LLB_HOLE1,Circle Drill,2.9464,,,0.0000,0.0000,Circle,A,2.9464,2.9464,Plated,
109,LCON100T_LLB_PAD1,Circle Drill,1.0668,,,0.0000,0.0000,Circle,A,1.0668,1.0668,Plated,
110,LCON100T_LLB_PAD2,Circle Drill,1.0668,,,0.0000,0.0000,Circle,A,1.0668,1.0668,Plated,
111,LCON100T_LLB_PAD3,Circle Drill,0.9398,,,0.0000,0.0000,Circle,A,0.9398,0.9398,Plated,
112,LCON100T_LLB_PAD4,Circle Drill,0.9398,,,0.0000,0.0000,Circle,A,0.9398,0.9398,Plated,
113,MTG1R20,Circle Drill,1.2000,,,0.0000,0.0000,Diamond,E,0.5000,0.5000,Non-Plated,
115,MTG1R60,Circle Drill,1.6000,,,0.0000,0.0000,,E,0.0000,0.0000,Non-Plated,
117,MTG2R50,Circle Drill,2.5000,,,0.0000,0.0000,,E,0.0000,0.0000,Non-Plated,
119,MTG3R00,Circle Drill,3.0000,,,0.0000,0.0000,,E,1.2700,1.2700,Non-Plated,
121,MTG3R50,Circle Drill,3.5000,,,0.0000,0.0000,,E,1.2700,1.2700,Non-Plated,
123,PAD100CIR62D,Circle Drill,1.5748,,,0.0000,0.0000,Oblong X,,1.5748,1.2700,Plated,
124,PAD100CIR79D,Circle Drill,2.0066,,,0.0000,0.0000,,C,1.5240,1.5240,Plated,
125,PAD100CIR84D,Circle Drill,2.1336,,,0.0000,0.0000,Cross,,2.1336,2.1336,Plated,
126,PAD100SQ62D,Circle Drill,1.5494,,,0.0000,0.0000,Oblong X,,2.5400,1.2700,Plated,
127,PAD120CIR62D,Circle Drill,1.5494,,,0.0000,0.0000,Oblong X,,2.5400,1.2700,Plated,
128,PAD125,Circle Drill,3.1750,,,0.0000,0.0000,,X,1.9050,1.9050,Non-Plated,
129,PAD125CIR63D,Circle Drill,1.6002,,,0.0000,0.0000,,D,1.5240,1.5240,Plated,
130,PAD150CIR63D,Circle Drill,1.6002,,,0.0000,0.0000,,D,1.5240,1.5240,Plated,
131,PAD156,Circle Drill,3.9624,,,0.0000,0.0000,,A,2.5400,2.5400,Non-Plated,
132,PAD170H,Circle Drill,4.3180,,,0.0000,0.0000,Square,,4.3180,4.3180,Non-Plated,
133,PAD250,Circle Drill,6.3500,,,0.0000,0.0000,,B,2.5400,2.5400,Non-Plated,
134,PAD262REC35,Circle Drill,0.8890,,,0.0000,0.0000,Rectangle,,0.8890,1.1430,Non-Plated,
135,PAD30CIR20D,Circle Drill,0.5080,,,0.0000,0.0000,Cross,,0.5080,0.5080,Plated,
136,PAD31CIR21D,Circle Drill,0.5334,,,0.0000,0.0000,Circle,,0.5334,0.5334,Plated,
137,PAD35CIR21D,Circle Drill,0.5334,,,0.0000,0.0000,Circle,,0.5334,0.5334,Plated,
138,PAD35CIR25D,Circle Drill,0.6350,,,0.0000,0.0000,Cross,,0.6350,0.6350,Plated,
139,PAD40CIR25D,Circle Drill,0.6350,,,0.0000,0.0000,Cross,,0.6350,0.6350,Plated,
140,PAD40CIR28D,Circle Drill,0.7112,,,0.0000,0.0000,Cross,,0.7112,0.7112,Plated,
141,PAD40CIR33D,Circle Drill,0.8382,,,0.0000,0.0000,Cross,,0.8382,0.8382,Plated,
142,PAD424CIR170D,Circle Drill,4.3180,,,0.0000,0.0000,Hexagon X,,12.6238,12.6238,Plated,
143,PAD43CIR33D,Circle Drill,0.8382,,,0.0000,0.0000,Cross,,0.8382,0.8382,Plated,
144,PAD44CIR33,Circle Drill,0.8382,,,0.0000,0.0000,Cross,,0.8382,0.8382,Plated,
145,PAD44CIR34D,Circle Drill,0.9144,,,0.0000,0.0000,Hexagon X,,1.2700,1.2700,Plated,
146,PAD45CIR22D,Circle Drill,0.5588,,,0.0000,0.0000,Hexagon X,,0.5588,0.5588,Plated,
147,PAD45CIR30D,Circle Drill,0.7620,,,0.0000,0.0000,Hexagon X,,0.8382,0.8382,Plated,
148,PAD50CIR30D,Circle Drill,0.7620,,,0.0000,0.0000,Hexagon X,,0.8382,0.8382,Plated,
149,PAD50CIR32D,Circle Drill,0.8128,,,0.0000,0.0000,Rectangle,,1.1430,0.6350,Plated,
150,PAD50SQ30D,Circle Drill,0.7620,,,0.0000,0.0000,Hexagon X,,0.8382,0.8382,Plated,
151,PAD50SQ32D,Circle Drill,0.8128,,,0.0000,0.0000,Rectangle,,1.1430,0.6350,Plated,
152,PAD55CIR25,Circle Drill,0.6350,,,0.0000,0.0000,Cross,,0.6350,0.6350,Plated,
153,PAD55CIR25D,Circle Drill,0.6350,,,0.0000,0.0000,Cross,,0.6350,0.6350,Plated,
154,PAD55SCIR25D,Circle Drill,0.6350,,,0.0000,0.0000,Cross,,0.6350,0.6350,Plated,
155,PAD55SQ25D,Circle Drill,0.6350,,,0.0000,0.0000,Cross,,0.6350,0.6350,Plated,
156,PAD60CIR35,Circle Drill,1.0160,,,0.0000,0.0000,Cross,,1.0160,1.0160,Plated,
157,PAD60CIR35D,Circle Drill,0.8890,,,0.0000,0.0000,Circle,,1.2700,1.2700,Plated,
158,PAD60CIR36D,Circle Drill,0.9144,,,0.0000,0.0000,Hexagon X,,1.2700,1.2700,Plated,
159,PAD60CIR38D,Circle Drill,1.0160,,,0.0000,0.0000,Cross,,1.0160,1.0160,Plated,
160,PAD60CIR42D,Circle Drill,1.0668,,,0.0000,0.0000,Oblong Y,,1.0160,1.6510,Plated,
161,PAD60SQ36D,Circle Drill,0.9144,,,0.0000,0.0000,Hexagon X,,1.2700,1.2700,Plated,
162,PAD62CIR32D,Circle Drill,0.8128,,,0.0000,0.0000,Oblong Y,,1.0160,1.6510,Plated,
163,PAD62SQ32D,Circle Drill,0.8128,,,0.0000,0.0000,Square,,0.2540,0.2540,Plated,
164,PAD62SQ37D,Circle Drill,0.9398,,,0.0000,0.0000,Square,,0.2540,0.2540,Plated,
165,PAD65CIR35D,Circle Drill,0.8890,,,0.0000,0.0000,Oblong Y,,1.0160,1.6510,Plated,
166,PAD65CIR37D,Circle Drill,0.9144,,,0.0000,0.0000,Hexagon X,,1.2700,1.2700,Plated,
167,PAD65CIR41D,Circle Drill,1.0414,,,0.0000,0.0000,Cross,,1.0414,1.0414,Plated,
168,PAD65CIR42D,Circle Drill,1.0668,,,0.0000,0.0000,Oblong Y,,1.0160,1.6510,Plated,
169,PAD65CIR43D,Circle Drill,1.0922,,,0.0000,0.0000,Cross,,1.0922,1.0922,Plated,
170,PAD65SQ35D,Circle Drill,0.8890,,,0.0000,0.0000,Square,,0.2540,0.2540,Plated,
171,PAD65SQ37D,Circle Drill,0.9144,,,0.0000,0.0000,Hexagon X,,1.2700,1.2700,Plated,
172,PAD667CIR227D,Circle Drill,5.7658,,,0.0000,0.0000,Hexagon X,,19.8628,19.8628,Plated,
173,PAD70CIR45D,Circle Drill,1.1176,,,0.0000,0.0000,Hexagon X,,1.0160,1.0160,Plated,
174,PAD70CIR60D,Circle Drill,1.5240,,,0.0000,0.0000,Cross,,1.5240,1.5240,Plated,
175,PAD70SQ45D,Circle Drill,1.1176,,,0.0000,0.0000,Hexagon X,,1.0160,1.0160,Plated,
176,PAD75CIR38D,Circle Drill,0.9652,,,0.0000,0.0000,Square,,1.2700,1.2700,Plated,
177,PAD75CIR45D,Circle Drill,1.1430,,,0.0000,0.0000,Cross,,1.2700,1.2700,Plated,
178,PAD75CIR49D,Circle Drill,1.2446,,,0.0000,0.0000,Square,,1.2700,1.2700,Plated,
179,PAD75CIR51D,Circle Drill,1.2954,,,0.0000,0.0000,Diamond,,0.6350,1.0160,Plated,
180,PAD75SQ49D,Circle Drill,1.2446,,,0.0000,0.0000,Square,,1.2700,1.2700,Plated,
181,PAD80CIR50D,Circle Drill,1.2700,,,0.0000,0.0000,Rectangle,,1.9050,1.2700,Plated,
182,PAD80CIR55D,Circle Drill,1.3970,,,0.0000,0.0000,Hexagon X,,1.6510,1.6510,Plated,
183,PAD80CIR65D,Circle Drill,1.6764,,,0.0000,0.0000,Cross,,1.6764,1.6764,Plated,
184,PAD90CIR70D,Circle Drill,1.7780,,,0.0000,0.0000,Cross,,1.7780,1.7780,Plated,
185,PAD93CIR51D,Circle Drill,1.2954,,,0.0000,0.0000,Diamond,,0.6350,1.0160,Plated,
186,PAD93CIR52D,Circle Drill,1.3208,,,0.0000,0.0000,Hexagon X,,1.3208,1.3208,Plated,
187,PAD93CIR53D,Circle Drill,1.3462,,,0.0000,0.0000,Hexagon X,,1.3462,1.3462,Plated,
188,PAD93CIR56D,Circle Drill,1.4224,,,0.0000,0.0000,Hexagon X,C,1.4224,1.4224,Plated,
189,PAD93CIR58D,Circle Drill,1.4732,,,0.0000,0.0000,Triangle,C,0.6350,0.8890,Plated,
190,PC104_LLB_PAD1,Circle Drill,0.9398,,,0.0000,0.0000,Circle,A,0.9398,0.9398,Plated,
191,PC104_LLB_PAD2,Circle Drill,0.9398,,,0.0000,0.0000,Circle,A,0.9398,0.9398,Plated,
192,PC104_LLB_PAD3,Circle Drill,0.9398,,,0.0000,0.0000,Circle,A,0.9398,0.9398,Plated,
193,PC104_LLB_PAD4,Circle Drill,0.9398,,,0.0000,0.0000,Circle,A,0.9398,0.9398,Plated,
194,PCI_LLB_HOLE1,Circle Drill,2.4384,,,0.0000,0.0000,Circle,A,2.4384,2.4384,Plated,
195,PCI_LLB_PAD1,Circle Drill,0.7874,,,0.0000,0.0000,Circle,A,0.7874,0.7874,Plated,
196,PCI_LLB_PAD2,Circle Drill,0.7874,,,0.0000,0.0000,Circle,A,0.7874,0.7874,Plated,
197,PCON100T_LLB_PAD1,Circle Drill,1.0668,,,0.0000,0.0000,Circle,A,1.0668,1.0668,Plated,
198,PCON100T_LLB_PAD2,Circle Drill,1.0668,,,0.0000,0.0000,Circle,A,1.0668,1.0668,Plated,
199,PCON156T_LLB_PAD1,Circle Drill,1.7780,,,0.0000,0.0000,Circle,A,1.7780,1.7780,Plated,
200,PCON156T_LLB_PAD2,Circle Drill,1.7780,,,0.0000,0.0000,Circle,A,1.7780,1.7780,Plated,
201,PGA,Circle Drill,0.8128,,,0.0000,0.0000,Rectangle,,1.1430,0.6350,Plated,
202,PGA_LLB_PAD1_1,Circle Drill,0.8636,,,0.0000,0.0000,Circle,A,0.8636,0.8636,Plated,
203,PGA_LLB_PAD2_1,Circle Drill,0.8636,,,0.0000,0.0000,Circle,A,0.8636,0.8636,Plated,
204,PGA_LLB_PAD3_1,Circle Drill,0.7112,,,0.0000,0.0000,Circle,A,0.7112,0.7112,Plated,
205,PGA_LLB_PAD4_1,Circle Drill,0.7112,,,0.0000,0.0000,Circle,A,0.7112,0.7112,Plated,
206,PGA_SQ,Circle Drill,0.8128,,,0.0000,0.0000,Rectangle,,1.1430,0.6350,Plated,
207,PLCC_LLB_HOLE1,Circle Drill,1.7018,,,0.0000,0.0000,Circle,A,1.7018,1.7018,Plated,
208,PLCC_LLB_PAD1,Circle Drill,0.8636,,,0.0000,0.0000,Circle,A,0.8636,0.8636,Plated,
209,PLCC_LLB_PAD2,Circle Drill,0.8636,,,0.0000,0.0000,Circle,A,0.8636,0.8636,Plated,
210,PLCC_LLB_PAD3_1,Circle Drill,0.8636,,,0.0000,0.0000,Circle,A,0.8636,0.8636,Plated,
211,PLCC_LLB_PAD4_1,Circle Drill,0.8636,,,0.0000,0.0000,Circle,A,0.8636,0.8636,Plated,
212,PLCC_LLB_PAD5_1,Circle Drill,0.8636,,,0.0000,0.0000,Circle,A,0.8636,0.8636,Plated,
213,QUADB_LLB_PAD17_1,Circle Drill,0.6858,,,0.0000,0.0000,Circle,A,0.6858,0.6858,Plated,
214,QUADB_LLB_PAD18_1,Circle Drill,0.6858,,,0.0000,0.0000,Circle,A,0.6858,0.6858,Plated,
215,QUADB_LLB_PAD19_1,Circle Drill,0.6858,,,0.0000,0.0000,Circle,A,0.6858,0.6858,Plated,
216,QUADB_LLB_PAD20,Circle Drill,0.6858,,,0.0000,0.0000,Circle,A,0.6858,0.6858,Plated,
217,QUADB_LLB_PAD21_1,Circle Drill,0.6858,,,0.0000,0.0000,Circle,A,0.6858,0.6858,Plated,
218,QUADB_LLB_PAD22_1,Circle Drill,0.6858,,,0.0000,0.0000,Circle,A,0.6858,0.6858,Plated,
219,QUADB_LLB_PAD23,Circle Drill,0.6858,,,0.0000,0.0000,Circle,A,0.6858,0.6858,Plated,
220,QUAD_LLB_PAD1_1,Circle Drill,0.6858,,,0.0000,0.0000,Circle,A,0.6858,0.6858,Plated,
221,QUAD_LLB_PAD28_1,Circle Drill,0.6096,,,0.0000,0.0000,Circle,A,0.6096,0.6096,Plated,
222,QUAD_LLB_PAD29_1,Circle Drill,0.6096,,,0.0000,0.0000,Circle,A,0.6096,0.6096,Plated,
223,QUAD_LLB_PAD2_1,Circle Drill,0.6858,,,0.0000,0.0000,Circle,A,0.6858,0.6858,Plated,
224,QUAD_LLB_PAD30_1,Circle Drill,0.6096,,,0.0000,0.0000,Circle,A,0.6096,0.6096,Plated,
225,QUAD_LLB_PAD31_1,Circle Drill,0.6096,,,0.0000,0.0000,Circle,A,0.6096,0.6096,Plated,
226,QUAD_LLB_PAD32,Circle Drill,0.6096,,,0.0000,0.0000,Circle,A,0.6096,0.6096,Plated,
227,QUAD_LLB_PAD3_1,Circle Drill,0.6858,,,0.0000,0.0000,Circle,A,0.6858,0.6858,Plated,
228,QUAD_LLB_PAD81,Circle Drill,0.6858,,,0.0000,0.0000,Circle,A,0.6858,0.6858,Plated,
229,QUAD_LLB_PAD82,Circle Drill,0.6858,,,0.0000,0.0000,Circle,A,0.6858,0.6858,Plated,
230,QUAD_LLB_PAD83_1,Circle Drill,0.6858,,,0.0000,0.0000,Circle,A,0.6858,0.6858,Plated,
231,QUAD_LLB_PAD84_1,Circle Drill,0.6858,,,0.0000,0.0000,Circle,A,0.6858,0.6858,Plated,
232,RELAY_LLB_PAD10_1,Circle Drill,1.0668,,,0.0000,0.0000,Circle,A,1.0668,1.0668,Plated,
233,RELAY_LLB_PAD11_1,Circle Drill,0.7874,,,0.0000,0.0000,Circle,A,0.7874,0.7874,Plated,
234,RELAY_LLB_PAD12_1,Circle Drill,1.0668,,,0.0000,0.0000,Circle,A,1.0668,1.0668,Plated,
235,RELAY_LLB_PAD15_1,Circle Drill,1.4732,,,0.0000,0.0000,Circle,A,1.4732,1.4732,Plated,
236,RELAY_LLB_PAD16_1,Circle Drill,1.4732,,,0.0000,0.0000,Circle,A,1.4732,1.4732,Plated,
237,RELAY_LLB_PAD17_1,Circle Drill,1.4732,,,0.0000,0.0000,Circle,A,1.4732,1.4732,Plated,
238,RELAY_LLB_PAD18_1,Circle Drill,1.3716,,,0.0000,0.0000,Circle,A,1.3716,1.3716,Plated,
239,RELAY_LLB_PAD19_1,Circle Drill,1.2700,,,0.0000,0.0000,Circle,A,1.2700,1.2700,Plated,
240,RELAY_LLB_PAD1_1,Circle Drill,0.7874,,,0.0000,0.0000,Circle,A,0.7874,0.7874,Plated,
241,RELAY_LLB_PAD20_1,Circle Drill,1.1684,,,0.0000,0.0000,Circle,A,1.1684,1.1684,Plated,
242,RELAY_LLB_PAD23_1,Circle Drill,0.9398,,,0.0000,0.0000,Circle,A,0.9398,0.9398,Plated,
243,RELAY_LLB_PAD24_1,Circle Drill,1.8034,,,0.0000,0.0000,Circle,A,1.8034,1.8034,Plated,
244,RELAY_LLB_PAD25_1,Circle Drill,1.8034,,,0.0000,0.0000,Circle,A,1.8034,1.8034,Plated,
245,RELAY_LLB_PAD2_1,Circle Drill,1.1684,,,0.0000,0.0000,Circle,A,1.1684,1.1684,Plated,
246,RELAY_LLB_PAD30_1,Circle Drill,1.2700,,,0.0000,0.0000,Circle,A,1.2700,1.2700,Plated,
247,RELAY_LLB_PAD31_1,Circle Drill,1.2700,,,0.0000,0.0000,Circle,A,1.2700,1.2700,Plated,
248,RELAY_LLB_PAD32_1,Circle Drill,1.0160,,,0.0000,0.0000,Circle,A,1.0160,1.0160,Plated,
249,RELAY_LLB_PAD33_1,Circle Drill,1.0160,,,0.0000,0.0000,Circle,A,1.0160,1.0160,Plated,
250,RELAY_LLB_PAD34_1,Circle Drill,1.0160,,,0.0000,0.0000,Circle,A,1.0160,1.0160,Plated,
251,RELAY_LLB_PAD35_1,Circle Drill,1.0160,,,0.0000,0.0000,Circle,A,1.0160,1.0160,Plated,
252,RELAY_LLB_PAD36_1,Circle Drill,1.2700,,,0.0000,0.0000,Circle,A,1.2700,1.2700,Plated,
253,RELAY_LLB_PAD3_1,Circle Drill,1.1684,,,0.0000,0.0000,Circle,A,1.1684,1.1684,Plated,
254,RELAY_LLB_PAD4_1,Circle Drill,0.8636,,,0.0000,0.0000,Circle,A,0.8636,0.8636,Plated,
255,RELAY_LLB_PAD5_1,Circle Drill,0.8636,,,0.0000,0.0000,Circle,A,0.8636,0.8636,Plated,
256,RELAY_LLB_PAD8_1,Circle Drill,1.0668,,,0.0000,0.0000,Circle,A,1.0668,1.0668,Plated,
257,RELAY_LLB_PAD9_1,Circle Drill,1.0668,,,0.0000,0.0000,Circle,A,1.0668,1.0668,Plated,
258,RF_LLB_HOLE1,Circle Drill,2.0066,,,0.0000,0.0000,Circle,A,2.0066,2.0066,Plated,
259,RF_LLB_PAD1,Circle Drill,1.3716,,,0.0000,0.0000,Circle,A,1.3716,1.3716,Plated,
260,RF_LLB_PAD2,Circle Drill,1.2700,,,0.0000,0.0000,Circle,A,1.2700,1.2700,Plated,
261,RF_LLB_PAD3,Circle Drill,1.7018,,,0.0000,0.0000,Circle,A,1.7018,1.7018,Plated,
262,RF_LLB_PAD4,Circle Drill,0.8890,,,0.0000,0.0000,Circle,A,0.8890,0.8890,Plated,
263,S100H50T110_80_15,Circle Drill,0.5000,,,0.0000,0.0000,Hexagon X,a,0.5000,0.5000,Plated,
264,S150H90T130_160_25,Circle Drill,0.9000,,,0.0000,0.0000,Octagon,b,0.9000,0.9000,Plated,
265,SBUS_LLB_HOLE1,Circle Drill,1.5748,,,0.0000,0.0000,Circle,A,1.5748,1.5748,Plated,
266,SBUS_LLB_PAD1,Circle Drill,0.7112,,,0.0000,0.0000,Circle,A,0.7112,0.7112,Plated,
267,SBUS_LLB_PAD2,Circle Drill,0.7874,,,0.0000,0.0000,Circle,A,0.7874,0.7874,Plated,
268,SBUS_LLB_PAD3,Circle Drill,0.7112,,,0.0000,0.0000,Circle,A,0.7112,0.7112,Plated,
269,SBUS_LLB_PAD4_1,Circle Drill,0.7112,,,0.0000,0.0000,Circle,A,0.7112,0.7112,Plated,
270,SBUS_LLB_PAD5_1,Circle Drill,0.7874,,,0.0000,0.0000,Circle,A,0.7874,0.7874,Plated,
271,SBUS_LLB_PAD6_1,Circle Drill,0.7112,,,0.0000,0.0000,Circle,A,0.7112,0.7112,Plated,
272,SIMM050F_LLB_HOLE1,Circle Drill,3.1750,,,0.0000,0.0000,Circle,A,3.1750,3.1750,Plated,
273,SIMM050T_LLB_HOLE1,Circle Drill,2.0320,,,0.0000,0.0000,Circle,A,2.0320,2.0320,Plated,
274,SIMM050T_LLB_HOLE2,Circle Drill,2.4384,,,0.0000,0.0000,Circle,A,2.4384,2.4384,Plated,
275,SIMM050T_LLB_HOLE3,Circle Drill,1.5748,,,0.0000,0.0000,Circle,A,1.5748,1.5748,Plated,
276,SIMM050T_LLB_HOLE4,Circle Drill,2.4130,,,0.0000,0.0000,Circle,A,2.4130,2.4130,Plated,
277,SIMM050T_LLB_PAD1,Circle Drill,1.0160,,,0.0000,0.0000,Circle,A,1.0160,1.0160,Plated,
278,SIMM050T_LLB_PAD2,Circle Drill,1.0160,,,0.0000,0.0000,Circle,A,1.0160,1.0160,Plated,
279,SIMM050T_LLB_PAD3,Circle Drill,1.0160,,,0.0000,0.0000,Circle,A,1.0160,1.0160,Plated,
280,SIMM050T_LLB_PAD3_1,Circle Drill,1.0160,,,0.0000,0.0000,Circle,A,1.0160,1.0160,Plated,
281,SIMM050T_LLB_PAD4,Circle Drill,1.0160,,,0.0000,0.0000,Circle,A,1.0160,1.0160,Plated,
282,SIMM050T_LLB_PAD4_1,Circle Drill,1.0160,,,0.0000,0.0000,Circle,A,1.0160,1.0160,Plated,
283,SIMM100F_LLB_HOLE1,Circle Drill,3.1750,,,0.0000,0.0000,Circle,A,3.1750,3.1750,Plated,
284,SIMM100T_LLB_HOLE1,Circle Drill,1.5748,,,0.0000,0.0000,Circle,A,1.5748,1.5748,Plated,
285,SIMM100T_LLB_HOLE2,Circle Drill,2.4130,,,0.0000,0.0000,Circle,A,2.4130,2.4130,Plated,
286,SIMM100T_LLB_HOLE3,Circle Drill,1.6256,,,0.0000,0.0000,Circle,A,1.6256,1.6256,Plated,
287,SIMM100T_LLB_HOLE4,Circle Drill,2.3622,,,0.0000,0.0000,Circle,A,2.3622,2.3622,Plated,
288,SIMM100T_LLB_PAD1,Circle Drill,1.0160,,,0.0000,0.0000,Circle,A,1.0160,1.0160,Plated,
289,SIMM100T_LLB_PAD2,Circle Drill,1.0160,,,0.0000,0.0000,Circle,A,1.0160,1.0160,Plated,
290,SIP_LIB_PAD1,Circle Drill,0.8636,,,0.0000,0.0000,Circle,A,0.8636,0.8636,Plated,
291,SIP_LIB_PAD2,Circle Drill,0.8636,,,0.0000,0.0000,Circle,A,0.8636,0.8636,Plated,
292,SIP_LLB_PAD1,Circle Drill,0.8636,,,0.0000,0.0000,Circle,A,0.8636,0.8636,Plated,
293,SIP_LLB_PAD2,Circle Drill,0.8636,,,0.0000,0.0000,Circle,A,0.8636,0.8636,Plated,
294,SOJ_LLB_HOLE1,Circle Drill,1.3970,,,0.0000,0.0000,Circle,A,1.3970,1.3970,Plated,
295,SQ55,Circle Drill,0.9144,,,0.0000,0.0000,Diamond,A,1.2700,1.2700,Plated,
296,SQ60,Circle Drill,0.9144,,,0.0000,0.0000,Diamond,A,1.2700,1.2700,Plated,
297,T1_1,Circle Drill,0.9652,,,0.0000,0.0000,Circle,A,0.9652,0.9652,Plated,
298,T3_1,Circle Drill,0.9652,,,0.0000,0.0000,Circle,A,0.9652,0.9652,Plated,
299,T4_1,Circle Drill,0.9652,,,0.0000,0.0000,Circle,A,0.9652,0.9652,Plated,
300,TELE_LLB_HOLE1,Circle Drill,3.2512,,,0.0000,0.0000,Circle,A,3.2512,3.2512,Plated,
301,TELE_LLB_PAD1,Circle Drill,0.8636,,,0.0000,0.0000,Circle,A,0.8636,0.8636,Plated,
302,TELE_LLB_PAD2,Circle Drill,0.8636,,,0.0000,0.0000,Circle,A,0.8636,0.8636,Plated,
303,THC1R40D1R00,Circle Drill,1.0000,,,0.0000,0.0000,Rectangle,,1.0000,1.0000,Plated,
305,THC1R65D1R00,Circle Drill,1.0000,,,0.0000,0.0000,Circle,,1.0000,1.0000,Plated,
307,THC2R00D1R30,Circle Drill,1.3000,,,0.0000,0.0000,Hexagon X,,1.0000,1.0000,Plated,
309,THC2R20D1R50,Circle Drill,1.2000,,,0.0000,0.0000,Hexagon X,,1.0000,1.0000,Plated,
311,THC2R70D2R00,Circle Drill,2.0000,,,0.0000,0.0000,Hexagon X,,1.0000,1.0000,Plated,
313,THC3R20D2R50,Circle Drill,2.5000,,,0.0000,0.0000,Hexagon X,,1.0000,1.0000,Plated,
315,THC3R30D2R30,Circle Drill,2.3000,,,0.0000,0.0000,Hexagon X,,1.0000,1.0000,Plated,
317,THR0_65CIR0_40H,Circle Drill,0.4000,,,0.0000,0.0000,Hexagon X,A,0.4000,0.4000,Plated,
318,THR0_80CIR0_40H,Circle Drill,0.4000,,,0.0000,0.0000,Hexagon X,A,0.2000,0.2000,Plated,
319,THR0_90R1_70H0_50R1_30,Oval Slot,0.5000,1.3000,,0.0000,0.0000,Oblong Y,,0.5000,1.3000,Plated,
320,THR1R8XR1R2,Square Drill,1.2000,,,0.0000,0.0000,Hexagon X,A,0.0000,0.0000,Plated,
321,THR1_00R1_60H0_50R1_10,Oval Slot,0.5000,1.0000,,0.0000,0.0000,Oblong Y,,0.5000,1.0000,Plated,
322,THR1_00R2_00H0_50R1_50,Oval Slot,0.5000,1.5000,,0.0000,0.0000,Oblong Y,,0.5000,1.5000,Plated,
323,THR1_00SQU0_50H,Circle Drill,0.5000,,,0.0000,0.0000,Hexagon X,a,0.5000,0.5000,Plated,
324,THR1_33R0_65H1_08R0_40,Oval Slot,1.0800,0.4000,,0.0000,0.0000,Oblong X,,1.0800,0.4000,Plated,
325,THR1_50R1_80H0_70R1_00,Oval Slot,0.8000,1.0000,,0.0000,0.0000,Oblong Y,A,0.8000,1.0000,Plated,
326,THR1_80R4_00H1_30R3_50,Oval Slot,1.3000,3.5000,,0.0000,0.0000,Oblong Y,,1.3000,3.5000,Plated,
327,THR2_50CIR2_30H,Circle Drill,2.2000,,,0.0000,0.0000,Hexagon X,A,2.0000,2.0000,Plated,
328,THS2R20D1R50,Circle Drill,1.5000,,,0.0000,0.0000,Hexagon X,,1.0000,1.0000,Plated,
330,THS2R70D2R00,Circle Drill,2.0000,,,0.0000,0.0000,Hexagon X,,1.0000,1.0000,Plated,
332,THS3R20D2R50,Circle Drill,2.5000,,,0.0000,0.0000,Hexagon X,,1.0000,1.0000,Plated,
334,TM_035H_055P_RND,Circle Drill,0.8636,,,0.0000,0.0000,Circle,A,0.8636,0.8636,Plated,
335,TM_035H_055P_SQ,Circle Drill,0.8636,,,0.0000,0.0000,Circle,A,0.8636,0.8636,Plated,
336,TM_091H_112P_RND,Circle Drill,2.3114,,,0.0000,0.0000,Circle,A,2.3114,2.3114,Plated,
337,TM_AXIAL_LLB_PAD1,Circle Drill,0.8636,,,0.0000,0.0000,Circle,A,0.8636,0.8636,Plated,
338,TM_AXIAL_LLB_PAD2,Circle Drill,0.7112,,,0.0000,0.0000,Circle,A,0.7112,0.7112,Plated,
339,TM_AXIAL_LLB_PAD3,Circle Drill,0.7874,,,0.0000,0.0000,Circle,A,0.7874,0.7874,Plated,
340,TM_AXIAL_LLB_PAD5,Circle Drill,1.0160,,,0.0000,0.0000,Circle,A,1.0160,1.0160,Plated,
341,TM_AXIAL_LLB_PAD6,Circle Drill,1.0668,,,0.0000,0.0000,Circle,A,1.0668,1.0668,Plated,
342,TM_AXIAL_LLB_PAD7,Circle Drill,1.4732,,,0.0000,0.0000,Circle,A,1.4732,1.4732,Plated,
343,TM_AXIAL_LLB_PAD8,Circle Drill,1.2700,,,0.0000,0.0000,Circle,A,1.2700,1.2700,Plated,
344,TM_AXIAL_LLB_PAD9,Circle Drill,1.1684,,,0.0000,0.0000,Circle,A,1.1684,1.1684,Plated,
345,TM_CAP_P_LLB_PAD1,Circle Drill,0.8636,,,0.0000,0.0000,Circle,A,0.8636,0.8636,Plated,
346,TM_CAP_P_LLB_PAD10,Circle Drill,1.0160,,,0.0000,0.0000,Circle,A,1.0160,1.0160,Plated,
347,TM_CAP_P_LLB_PAD2,Circle Drill,0.8636,,,0.0000,0.0000,Circle,A,0.8636,0.8636,Plated,
348,TM_CAP_P_LLB_PAD2_1,Circle Drill,0.9398,,,0.0000,0.0000,Circle,A,0.9398,0.9398,Plated,
349,TM_CAP_P_LLB_PAD3,Circle Drill,0.7874,,,0.0000,0.0000,Circle,A,0.7874,0.7874,Plated,
350,TM_CAP_P_LLB_PAD4,Circle Drill,0.7874,,,0.0000,0.0000,Circle,A,0.7874,0.7874,Plated,
351,TM_CAP_P_LLB_PAD5,Circle Drill,0.9398,,,0.0000,0.0000,Circle,A,0.9398,0.9398,Plated,
352,TM_CAP_P_LLB_PAD7,Circle Drill,1.2700,,,0.0000,0.0000,Circle,A,1.2700,1.2700,Plated,
353,TM_CAP_P_LLB_PAD8,Circle Drill,1.2700,,,0.0000,0.0000,Circle,A,1.2700,1.2700,Plated,
354,TM_CAP_P_LLB_PAD9,Circle Drill,1.0160,,,0.0000,0.0000,Circle,A,1.0160,1.0160,Plated,
355,TM_CYLND_LLB_PAD1,Circle Drill,0.8636,,,0.0000,0.0000,Circle,A,0.8636,0.8636,Plated,
356,TM_CYLND_LLB_PAD2,Circle Drill,0.8636,,,0.0000,0.0000,Circle,A,0.8636,0.8636,Plated,
357,TM_CYLND_LLB_PAD3,Circle Drill,0.7874,,,0.0000,0.0000,Circle,A,0.7874,0.7874,Plated,
358,TM_CYLND_LLB_PAD4,Circle Drill,0.7874,,,0.0000,0.0000,Circle,A,0.7874,0.7874,Plated,
359,TM_CYLND_LLB_PAD5,Circle Drill,0.9398,,,0.0000,0.0000,Circle,A,0.9398,0.9398,Plated,
360,TM_CYLND_LLB_PAD7,Circle Drill,1.0160,,,0.0000,0.0000,Circle,A,1.0160,1.0160,Plated,
361,TM_CYLND_LLB_PAD8,Circle Drill,1.0160,,,0.0000,0.0000,Circle,A,1.0160,1.0160,Plated,
362,TM_DIODE_LLB_PAD1,Circle Drill,1.0668,,,0.0000,0.0000,Circle,A,1.0668,1.0668,Plated,
363,TM_DIODE_LLB_PAD10,Circle Drill,0.7112,,,0.0000,0.0000,Circle,A,0.7112,0.7112,Plated,
364,TM_DIODE_LLB_PAD11,Circle Drill,1.0160,,,0.0000,0.0000,Circle,A,1.0160,1.0160,Plated,
365,TM_DIODE_LLB_PAD11_1,Circle Drill,1.0160,,,0.0000,0.0000,Circle,A,1.0160,1.0160,Plated,
366,TM_DIODE_LLB_PAD12,Circle Drill,1.0160,,,0.0000,0.0000,Circle,A,1.0160,1.0160,Plated,
367,TM_DIODE_LLB_PAD12_1,Circle Drill,1.0160,,,0.0000,0.0000,Circle,A,1.0160,1.0160,Plated,
368,TM_DIODE_LLB_PAD13,Circle Drill,0.8636,,,0.0000,0.0000,Circle,A,0.8636,0.8636,Plated,
369,TM_DIODE_LLB_PAD14,Circle Drill,0.8636,,,0.0000,0.0000,Circle,A,0.8636,0.8636,Plated,
370,TM_DIODE_LLB_PAD15_1,Circle Drill,1.0668,,,0.0000,0.0000,Circle,A,1.0668,1.0668,Plated,
371,TM_DIODE_LLB_PAD16_1,Circle Drill,1.0668,,,0.0000,0.0000,Circle,A,1.0668,1.0668,Plated,
372,TM_DIODE_LLB_PAD17,Circle Drill,1.1684,,,0.0000,0.0000,Circle,A,1.1684,1.1684,Plated,
373,TM_DIODE_LLB_PAD18,Circle Drill,1.1684,,,0.0000,0.0000,Circle,A,1.1684,1.1684,Plated,
374,TM_DIODE_LLB_PAD19_1,Circle Drill,1.1684,,,0.0000,0.0000,Circle,A,1.1684,1.1684,Plated,
375,TM_DIODE_LLB_PAD2,Circle Drill,1.0668,,,0.0000,0.0000,Circle,A,1.0668,1.0668,Plated,
376,TM_DIODE_LLB_PAD20_1,Circle Drill,1.1684,,,0.0000,0.0000,Circle,A,1.1684,1.1684,Plated,
377,TM_DIODE_LLB_PAD21,Circle Drill,1.2700,,,0.0000,0.0000,Circle,A,1.2700,1.2700,Plated,
378,TM_DIODE_LLB_PAD22,Circle Drill,1.2700,,,0.0000,0.0000,Circle,A,1.2700,1.2700,Plated,
379,TM_DIODE_LLB_PAD23,Circle Drill,1.5748,,,0.0000,0.0000,Circle,A,1.5748,1.5748,Plated,
380,TM_DIODE_LLB_PAD24,Circle Drill,1.5748,,,0.0000,0.0000,Circle,A,1.5748,1.5748,Plated,
381,TM_DIODE_LLB_PAD25,Circle Drill,1.7018,,,0.0000,0.0000,Circle,A,1.7018,1.7018,Plated,
382,TM_DIODE_LLB_PAD26,Circle Drill,1.7018,,,0.0000,0.0000,Circle,A,1.7018,1.7018,Plated,
383,TM_DIODE_LLB_PAD27_1,Circle Drill,1.2700,,,0.0000,0.0000,Circle,A,1.2700,1.2700,Plated,
384,TM_DIODE_LLB_PAD28_1,Circle Drill,1.2700,,,0.0000,0.0000,Circle,A,1.2700,1.2700,Plated,
385,TM_DIODE_LLB_PAD29,Circle Drill,0.7112,,,0.0000,0.0000,Circle,A,0.7112,0.7112,Plated,
386,TM_DIODE_LLB_PAD29_1,Circle Drill,0.7112,,,0.0000,0.0000,Circle,A,0.7112,0.7112,Plated,
387,TM_DIODE_LLB_PAD3,Circle Drill,0.7874,,,0.0000,0.0000,Circle,A,0.7874,0.7874,Plated,
388,TM_DIODE_LLB_PAD30,Circle Drill,0.7112,,,0.0000,0.0000,Circle,A,0.7112,0.7112,Plated,
389,TM_DIODE_LLB_PAD30_1,Circle Drill,0.7112,,,0.0000,0.0000,Circle,A,0.7112,0.7112,Plated,
390,TM_DIODE_LLB_PAD31,Circle Drill,1.0668,,,0.0000,0.0000,Circle,A,1.0668,1.0668,Plated,
391,TM_DIODE_LLB_PAD32,Circle Drill,1.0668,,,0.0000,0.0000,Circle,A,1.0668,1.0668,Plated,
392,TM_DIODE_LLB_PAD33,Circle Drill,1.6256,,,0.0000,0.0000,Circle,A,1.6256,1.6256,Plated,
393,TM_DIODE_LLB_PAD34,Circle Drill,1.6256,,,0.0000,0.0000,Circle,A,1.6256,1.6256,Plated,
394,TM_DIODE_LLB_PAD35,Circle Drill,1.5494,,,0.0000,0.0000,Circle,A,1.5494,1.5494,Plated,
395,TM_DIODE_LLB_PAD36,Circle Drill,1.5494,,,0.0000,0.0000,Circle,A,1.5494,1.5494,Plated,
396,TM_DIODE_LLB_PAD39,Circle Drill,1.3208,,,0.0000,0.0000,Circle,A,1.3208,1.3208,Plated,
397,TM_DIODE_LLB_PAD4,Circle Drill,0.7874,,,0.0000,0.0000,Circle,A,0.7874,0.7874,Plated,
398,TM_DIODE_LLB_PAD40,Circle Drill,1.3208,,,0.0000,0.0000,Circle,A,1.3208,1.3208,Plated,
399,TM_DIODE_LLB_PAD5_1,Circle Drill,0.7874,,,0.0000,0.0000,Circle,A,0.7874,0.7874,Plated,
400,TM_DIODE_LLB_PAD6_1,Circle Drill,0.7874,,,0.0000,0.0000,Circle,A,0.7874,0.7874,Plated,
401,TM_DIODE_LLB_PAD7_1,Circle Drill,0.8636,,,0.0000,0.0000,Circle,A,0.8636,0.8636,Plated,
402,TM_DIODE_LLB_PAD8_1,Circle Drill,0.8636,,,0.0000,0.0000,Circle,A,0.8636,0.8636,Plated,
403,TM_DIODE_LLB_PAD9,Circle Drill,0.7112,,,0.0000,0.0000,Circle,A,0.7112,0.7112,Plated,
404,TM_DISC_LLB_PAD1,Circle Drill,0.8636,,,0.0000,0.0000,Circle,A,0.8636,0.8636,Plated,
405,TM_DISC_LLB_PAD2,Circle Drill,1.0668,,,0.0000,0.0000,Circle,A,1.0668,1.0668,Plated,
406,TM_DISC_LLB_PAD3,Circle Drill,0.7874,,,0.0000,0.0000,Circle,A,0.7874,0.7874,Plated,
407,TM_DISC_LLB_PAD5,Circle Drill,1.0160,,,0.0000,0.0000,Circle,A,1.0160,1.0160,Plated,
408,TM_RAD_LLB_PAD1,Circle Drill,0.8636,,,0.0000,0.0000,Circle,A,0.8636,0.8636,Plated,
409,TM_RAD_LLB_PAD2,Circle Drill,0.7874,,,0.0000,0.0000,Circle,A,0.7874,0.7874,Plated,
410,TM_RAD_LLB_PAD3,Circle Drill,1.0160,,,0.0000,0.0000,Circle,A,1.0160,1.0160,Plated,
411,TO_LLB_HOLE1_1,Circle Drill,4.0894,,,0.0000,0.0000,Circle,A,4.0894,4.0894,Plated,
412,TO_LLB_HOLE2_1,Circle Drill,3.3020,,,0.0000,0.0000,Circle,A,3.3020,3.3020,Plated,
413,TO_LLB_HOLE3,Circle Drill,3.8608,,,0.0000,0.0000,Circle,A,3.8608,3.8608,Plated,
414,TO_LLB_HOLE3_1,Circle Drill,3.8608,,,0.0000,0.0000,Circle,A,3.8608,3.8608,Plated,
415,TO_LLB_HOLE4_1,Circle Drill,4.2418,,,0.0000,0.0000,Circle,A,4.2418,4.2418,Plated,
416,TO_LLB_HOLE5_1,Circle Drill,3.7338,,,0.0000,0.0000,Circle,A,3.7338,3.7338,Plated,
417,TO_LLB_PAD10_1,Circle Drill,1.1430,,,0.0000,0.0000,Circle,A,1.1430,1.1430,Plated,
418,TO_LLB_PAD11_1,Circle Drill,0.7874,,,0.0000,0.0000,Circle,A,0.7874,0.7874,Plated,
419,TO_LLB_PAD12_1,Circle Drill,0.7874,,,0.0000,0.0000,Circle,A,0.7874,0.7874,Plated,
420,TO_LLB_PAD13_1,Circle Drill,0.7874,,,0.0000,0.0000,Circle,A,0.7874,0.7874,Plated,
421,TO_LLB_PAD14_1,Circle Drill,0.7874,,,0.0000,0.0000,Circle,A,0.7874,0.7874,Plated,
422,TO_LLB_PAD15_1,Circle Drill,0.7874,,,0.0000,0.0000,Circle,A,0.7874,0.7874,Plated,
423,TO_LLB_PAD16_1,Circle Drill,0.7874,,,0.0000,0.0000,Circle,A,0.7874,0.7874,Plated,
424,TO_LLB_PAD17_1,Circle Drill,0.7874,,,0.0000,0.0000,Circle,A,0.7874,0.7874,Plated,
425,TO_LLB_PAD18_1,Circle Drill,0.7874,,,0.0000,0.0000,Circle,A,0.7874,0.7874,Plated,
426,TO_LLB_PAD19_1,Circle Drill,0.7874,,,0.0000,0.0000,Circle,A,0.7874,0.7874,Plated,
427,TO_LLB_PAD1_1,Circle Drill,1.3716,,,0.0000,0.0000,Circle,A,1.3716,1.3716,Plated,
428,TO_LLB_PAD20_1,Circle Drill,0.7874,,,0.0000,0.0000,Circle,A,0.7874,0.7874,Plated,
429,TO_LLB_PAD21_1,Circle Drill,0.7874,,,0.0000,0.0000,Circle,A,0.7874,0.7874,Plated,
430,TO_LLB_PAD22_1,Circle Drill,0.7874,,,0.0000,0.0000,Circle,A,0.7874,0.7874,Plated,
431,TO_LLB_PAD23_1,Circle Drill,0.7874,,,0.0000,0.0000,Circle,A,0.7874,0.7874,Plated,
432,TO_LLB_PAD24_1,Circle Drill,0.7874,,,0.0000,0.0000,Circle,A,0.7874,0.7874,Plated,
433,TO_LLB_PAD25_1,Circle Drill,0.7874,,,0.0000,0.0000,Circle,A,0.7874,0.7874,Plated,
434,TO_LLB_PAD26,Circle Drill,0.7874,,,0.0000,0.0000,Circle,A,0.7874,0.7874,Plated,
435,TO_LLB_PAD27_1,Circle Drill,0.7874,,,0.0000,0.0000,Circle,A,0.7874,0.7874,Plated,
436,TO_LLB_PAD28_1,Circle Drill,0.7874,,,0.0000,0.0000,Circle,A,0.7874,0.7874,Plated,
437,TO_LLB_PAD29_1,Circle Drill,0.7874,,,0.0000,0.0000,Circle,A,0.7874,0.7874,Plated,
438,TO_LLB_PAD2_1,Circle Drill,1.3716,,,0.0000,0.0000,Circle,A,1.3716,1.3716,Plated,
439,TO_LLB_PAD30_1,Circle Drill,0.7874,,,0.0000,0.0000,Circle,A,0.7874,0.7874,Plated,
440,TO_LLB_PAD31_1,Circle Drill,0.7874,,,0.0000,0.0000,Circle,A,0.7874,0.7874,Plated,
441,TO_LLB_PAD32_1,Circle Drill,0.7874,,,0.0000,0.0000,Circle,A,0.7874,0.7874,Plated,
442,TO_LLB_PAD33_1,Circle Drill,0.7874,,,0.0000,0.0000,Circle,A,0.7874,0.7874,Plated,
443,TO_LLB_PAD34_1,Circle Drill,0.7874,,,0.0000,0.0000,Circle,A,0.7874,0.7874,Plated,
444,TO_LLB_PAD35_1,Circle Drill,0.7874,,,0.0000,0.0000,Circle,A,0.7874,0.7874,Plated,
445,TO_LLB_PAD36_1,Circle Drill,0.7874,,,0.0000,0.0000,Circle,A,0.7874,0.7874,Plated,
446,TO_LLB_PAD37_1,Circle Drill,0.7874,,,0.0000,0.0000,Circle,A,0.7874,0.7874,Plated,
447,TO_LLB_PAD38_1,Circle Drill,0.7874,,,0.0000,0.0000,Circle,A,0.7874,0.7874,Plated,
448,TO_LLB_PAD39_1,Circle Drill,0.7874,,,0.0000,0.0000,Circle,A,0.7874,0.7874,Plated,
449,TO_LLB_PAD3_1,Circle Drill,0.7874,,,0.0000,0.0000,Circle,A,0.7874,0.7874,Plated,
450,TO_LLB_PAD4,Circle Drill,0.7874,,,0.0000,0.0000,Circle,A,0.7874,0.7874,Plated,
451,TO_LLB_PAD40_1,Circle Drill,0.7874,,,0.0000,0.0000,Circle,A,0.7874,0.7874,Plated,
452,TO_LLB_PAD41_1,Circle Drill,0.7874,,,0.0000,0.0000,Circle,A,0.7874,0.7874,Plated,
453,TO_LLB_PAD42_1,Circle Drill,0.7874,,,0.0000,0.0000,Circle,A,0.7874,0.7874,Plated,
454,TO_LLB_PAD43_1,Circle Drill,0.7874,,,0.0000,0.0000,Circle,A,0.7874,0.7874,Plated,
455,TO_LLB_PAD44,Circle Drill,0.7874,,,0.0000,0.0000,Circle,A,0.7874,0.7874,Plated,
456,TO_LLB_PAD45_1,Circle Drill,0.7874,,,0.0000,0.0000,Circle,A,0.7874,0.7874,Plated,
457,TO_LLB_PAD46_1,Circle Drill,0.7874,,,0.0000,0.0000,Circle,A,0.7874,0.7874,Plated,
458,TO_LLB_PAD47_1,Circle Drill,0.7874,,,0.0000,0.0000,Circle,A,0.7874,0.7874,Plated,
459,TO_LLB_PAD48,Circle Drill,1.3716,,,0.0000,0.0000,Circle,A,1.3716,1.3716,Plated,
460,TO_LLB_PAD49,Circle Drill,1.3716,,,0.0000,0.0000,Circle,A,1.3716,1.3716,Plated,
461,TO_LLB_PAD4_1,Circle Drill,0.7874,,,0.0000,0.0000,Circle,A,0.7874,0.7874,Plated,
462,TO_LLB_PAD5,Circle Drill,0.7874,,,0.0000,0.0000,Circle,A,0.7874,0.7874,Plated,
463,TO_LLB_PAD50_1,Circle Drill,1.2700,,,0.0000,0.0000,Circle,A,1.2700,1.2700,Plated,
464,TO_LLB_PAD51_1,Circle Drill,1.2700,,,0.0000,0.0000,Circle,A,1.2700,1.2700,Plated,
465,TO_LLB_PAD52_1,Circle Drill,1.7018,,,0.0000,0.0000,Circle,A,1.7018,1.7018,Plated,
466,TO_LLB_PAD53_1,Circle Drill,1.7018,,,0.0000,0.0000,Circle,A,1.7018,1.7018,Plated,
467,TO_LLB_PAD54,Circle Drill,1.1430,,,0.0000,0.0000,Circle,A,1.1430,1.1430,Plated,
468,TO_LLB_PAD55,Circle Drill,1.1430,,,0.0000,0.0000,Circle,A,1.1430,1.1430,Plated,
469,TO_LLB_PAD56_1,Circle Drill,1.8034,,,0.0000,0.0000,Circle,A,1.8034,1.8034,Plated,
470,TO_LLB_PAD57_1,Circle Drill,1.8034,,,0.0000,0.0000,Circle,A,1.8034,1.8034,Plated,
471,TO_LLB_PAD58,Circle Drill,2.0066,,,0.0000,0.0000,Circle,A,2.0066,2.0066,Plated,
472,TO_LLB_PAD59,Circle Drill,2.0066,,,0.0000,0.0000,Circle,A,2.0066,2.0066,Plated,
473,TO_LLB_PAD5_1,Circle Drill,0.7874,,,0.0000,0.0000,Circle,A,0.7874,0.7874,Plated,
474,TO_LLB_PAD6,Circle Drill,0.7874,,,0.0000,0.0000,Circle,A,0.7874,0.7874,Plated,
475,TO_LLB_PAD60,Circle Drill,1.7018,,,0.0000,0.0000,Circle,A,1.7018,1.7018,Plated,
476,TO_LLB_PAD61,Circle Drill,1.7018,,,0.0000,0.0000,Circle,A,1.7018,1.7018,Plated,
477,TO_LLB_PAD62_1,Circle Drill,1.7018,,,0.0000,0.0000,Circle,A,1.7018,1.7018,Plated,
478,TO_LLB_PAD63_1,Circle Drill,1.7018,,,0.0000,0.0000,Circle,A,1.7018,1.7018,Plated,
479,TO_LLB_PAD64,Circle Drill,1.2700,,,0.0000,0.0000,Circle,A,1.2700,1.2700,Plated,
480,TO_LLB_PAD65,Circle Drill,1.2700,,,0.0000,0.0000,Circle,A,1.2700,1.2700,Plated,
481,TO_LLB_PAD66_1,Circle Drill,1.3716,,,0.0000,0.0000,Circle,A,1.3716,1.3716,Plated,
482,TO_LLB_PAD67_1,Circle Drill,1.3716,,,0.0000,0.0000,Circle,A,1.3716,1.3716,Plated,
483,TO_LLB_PAD68,Circle Drill,1.8034,,,0.0000,0.0000,Circle,A,1.8034,1.8034,Plated,
484,TO_LLB_PAD69,Circle Drill,1.8034,,,0.0000,0.0000,Circle,A,1.8034,1.8034,Plated,
485,TO_LLB_PAD7,Circle Drill,0.7874,,,0.0000,0.0000,Circle,A,0.7874,0.7874,Plated,
486,TO_LLB_PAD70,Circle Drill,0.9398,,,0.0000,0.0000,Circle,A,0.9398,0.9398,Plated,
487,TO_LLB_PAD71,Circle Drill,0.9398,,,0.0000,0.0000,Circle,A,0.9398,0.9398,Plated,
488,TO_LLB_PAD72_1,Circle Drill,0.9398,,,0.0000,0.0000,Circle,A,0.9398,0.9398,Plated,
489,TO_LLB_PAD73_1,Circle Drill,0.9398,,,0.0000,0.0000,Circle,A,0.9398,0.9398,Plated,
490,TO_LLB_PAD74_1,Circle Drill,0.9398,,,0.0000,0.0000,Circle,A,0.9398,0.9398,Plated,
491,TO_LLB_PAD75,Circle Drill,0.7874,,,0.0000,0.0000,Circle,A,0.7874,0.7874,Plated,
492,TO_LLB_PAD76,Circle Drill,0.7874,,,0.0000,0.0000,Circle,A,0.7874,0.7874,Plated,
493,TO_LLB_PAD77,Circle Drill,1.9050,,,0.0000,0.0000,Circle,A,1.9050,1.9050,Plated,
494,TO_LLB_PAD78,Circle Drill,1.9050,,,0.0000,0.0000,Circle,A,1.9050,1.9050,Plated,
495,TO_LLB_PAD7_1,Circle Drill,0.7874,,,0.0000,0.0000,Circle,A,0.7874,0.7874,Plated,
496,TO_LLB_PAD8_1,Circle Drill,0.7874,,,0.0000,0.0000,Circle,A,0.7874,0.7874,Plated,
497,TO_LLB_PAD93_1,Circle Drill,1.3716,,,0.0000,0.0000,Circle,A,1.3716,1.3716,Plated,
498,TO_LLB_PAD94_1,Circle Drill,1.3716,,,0.0000,0.0000,Circle,A,1.3716,1.3716,Plated,
499,TO_LLB_PAD95_1,Circle Drill,1.3716,,,0.0000,0.0000,Circle,A,1.3716,1.3716,Plated,
500,TO_LLB_PAD96_1,Circle Drill,1.3716,,,0.0000,0.0000,Circle,A,1.3716,1.3716,Plated,
501,TO_LLB_PAD97_1,Circle Drill,1.3716,,,0.0000,0.0000,Circle,A,1.3716,1.3716,Plated,
502,TO_LLB_PAD98_1,Circle Drill,1.3716,,,0.0000,0.0000,Circle,A,1.3716,1.3716,Plated,
503,TO_LLB_PAD99_1,Circle Drill,1.3716,,,0.0000,0.0000,Circle,A,1.3716,1.3716,Plated,
504,TO_LLB_PAD9_1,Circle Drill,1.1430,,,0.0000,0.0000,Circle,A,1.1430,1.1430,Plated,
505,VIA,Circle Drill,0.3302,,,0.0000,0.0000,Circle,+,1.2700,1.2700,Plated,
506,VIA0305,Circle Drill,0.3000,,,0.0000,0.0000,Cross,a,0.2000,0.2000,Plated,
507,VIA0R50D0R20,Circle Drill,0.2000,,,0.0000,0.0000,Cross,,0.2000,0.2000,Plated,
509,VIA0R50D0R25,Circle Drill,0.2500,,,0.0000,0.0000,Cross,,0.2000,0.2000,Plated,
511,VIA0R55D0R25,Circle Drill,0.2500,,,0.0000,0.0000,Cross,,0.2000,0.2000,Plated,
513,VIA0R55D0R30,Circle Drill,0.3000,,,0.0000,0.0000,Cross,,0.2000,0.2000,Plated,
515,VIA0R60D0R25,Circle Drill,0.2500,,,0.0000,0.0000,Cross,,0.2000,0.2000,Plated,
517,VIA0R60D0R30,Circle Drill,0.3000,,,0.0000,0.0000,Cross,,0.2000,0.2000,Plated,
519,VIA0R60D0R35,Circle Drill,0.3500,,,0.0000,0.0000,Cross,,0.2000,0.2000,Plated,
521,VIA0R65D0R25,Circle Drill,0.2500,,,0.0000,0.0000,Cross,,0.2000,0.2000,Plated,
523,VIA0R65D0R30,Circle Drill,0.3000,,,0.0000,0.0000,Cross,,0.2000,0.2000,Plated,
525,VIA0R65D0R35,Circle Drill,0.3500,,,0.0000,0.0000,Cross,,0.2000,0.2000,Plated,
527,VIA0R65D0R40,Circle Drill,0.4000,,,0.0000,0.0000,Cross,,0.2000,0.2000,Plated,
529,VIA0R70D0R30,Circle Drill,0.3000,,,0.0000,0.0000,Cross,,0.2000,0.2000,Plated,
531,VIA0R70D0R35,Circle Drill,0.3500,,,0.0000,0.0000,Cross,,0.2000,0.2000,Plated,
533,VIA0R70D0R40,Circle Drill,0.4000,,,0.0000,0.0000,Cross,,0.2000,0.2000,Plated,
535,VIA0R75D0R35,Circle Drill,0.3500,,,0.0000,0.0000,Cross,,0.2000,0.2000,Plated,
537,VIA0R75D0R40,Circle Drill,0.4000,,,0.0000,0.0000,Cross,,0.2000,0.2000,Plated,
539,VIA0R75D0R45,Circle Drill,0.4500,,,0.0000,0.0000,Cross,,0.2000,0.2000,Plated,
541,VIA0R80D0R40,Circle Drill,0.4000,,,0.0000,0.0000,Cross,,0.2000,0.2000,Plated,
543,VIA0R80D0R50,Circle Drill,0.5000,,,0.0000,0.0000,Cross,,0.2000,0.2000,Plated,
545,VIA0R85D0R45,Circle Drill,0.4500,,,0.0000,0.0000,Cross,,0.2000,0.2000,Plated,
547,VIA0R85D0R50,Circle Drill,0.5000,,,0.0000,0.0000,Cross,,0.2000,0.2000,Plated,
549,VIA0R85D0R55,Circle Drill,0.5500,,,0.0000,0.0000,Cross,,0.2000,0.2000,Plated,
551,VIA0R90D0R45,Circle Drill,0.4500,,,0.0000,0.0000,Cross,,0.2000,0.2000,Plated,
553,VIA0R90D0R50,Circle Drill,0.5000,,,0.0000,0.0000,Cross,,0.2000,0.2000,Plated,
555,VIA0R90D0R55,Circle Drill,0.5500,,,0.0000,0.0000,Cross,,0.2000,0.2000,Plated,
557,VIA0R90D0R60,Circle Drill,0.6000,,,0.0000,0.0000,Cross,,0.2000,0.2000,Plated,
559,VIA0R95D0R45,Circle Drill,0.4500,,,0.0000,0.0000,Cross,,0.2000,0.2000,Plated,
561,VIA0R95D0R50,Circle Drill,0.5000,,,0.0000,0.0000,Cross,,0.2000,0.2000,Plated,
563,VIA0R95D0R55,Circle Drill,0.5500,,,0.0000,0.0000,Cross,,0.2000,0.2000,Plated,
565,VIA0R95D0R60,Circle Drill,0.6000,,,0.0000,0.0000,Cross,,0.2000,0.2000,Plated,
567,VIA1R00D0R50,Circle Drill,0.5000,,,0.0000,0.0000,Cross,,0.2000,0.2000,Plated,
569,VIA1R00D0R55,Circle Drill,0.5500,,,0.0000,0.0000,Cross,,0.2000,0.2000,Plated,
571,VIA1R00D0R60,Circle Drill,0.6000,,,0.0000,0.0000,Cross,,0.2000,0.2000,Plated,
573,VIA1R05D0R55,Circle Drill,0.5500,,,0.0000,0.0000,Cross,,0.2000,0.2000,Plated,
575,VIA1R05D0R60,Circle Drill,0.6000,,,0.0000,0.0000,Cross,,0.2000,0.2000,Plated,
577,VIA1R10D0R60,Circle Drill,0.6000,,,0.0000,0.0000,Cross,,0.2000,0.2000,Plated,
579,VIA1r73d1r72,Circle Drill,1.7000,,,0.0000,0.0000,Circle,,1.7000,1.7000,Non-Plated,
581,VIA2R80X1R80B1R85X0R76,Oval Slot,1.8500,0.7600,,0.0000,0.0000,Oblong X,OB,1.8500,0.7600,Plated,
583,VIA3R50X2R00B2r50X1R00,Oval Slot,2.5000,1.0000,,0.0000,0.0000,Oblong X,OB,2.5000,1.0000,Plated,
585,VIA_FC,Circle Drill,0.1000,,,0.0000,0.0000,Circle,+,0.2200,0.2200,Plated,
586,VIA_FCD,Circle Drill,0.1000,,,0.0000,0.0000,Circle,+,0.2200,0.2200,Plated,
587,VIA_FCU,Circle Drill,0.1000,,,0.0000,0.0000,Circle,+,0.2200,0.2200,Plated,
588,VIA_WBD,Circle Drill,0.1000,,,0.0000,0.0000,Circle,+,0.2200,0.2200,Plated,
589,VIA_WBU,Circle Drill,0.1000,,,0.0000,0.0000,Circle,+,0.2200,0.2200,Plated,
590,VRES_LLB_PAD11,Circle Drill,0.7874,,,0.0000,0.0000,Circle,A,0.7874,0.7874,Plated,
591,VRES_LLB_PAD11_1,Circle Drill,0.7874,,,0.0000,0.0000,Circle,A,0.7874,0.7874,Plated,
592,VRES_LLB_PAD12,Circle Drill,0.7874,,,0.0000,0.0000,Circle,A,0.7874,0.7874,Plated,
593,VRES_LLB_PAD12_1,Circle Drill,0.7874,,,0.0000,0.0000,Circle,A,0.7874,0.7874,Plated,
594,VRES_LLB_PAD13_1,Circle Drill,0.7874,,,0.0000,0.0000,Circle,A,0.7874,0.7874,Plated,
595,VRES_LLB_PAD14_1,Circle Drill,0.9398,,,0.0000,0.0000,Circle,A,0.9398,0.9398,Plated,
596,VRES_LLB_PAD15_1,Circle Drill,0.9398,,,0.0000,0.0000,Circle,A,0.9398,0.9398,Plated,
597,VRES_LLB_PAD16,Circle Drill,0.9398,,,0.0000,0.0000,Circle,A,0.9398,0.9398,Plated,
598,VRES_LLB_PAD16_1,Circle Drill,0.9398,,,0.0000,0.0000,Circle,A,0.9398,0.9398,Plated,
599,VRES_LLB_PAD17_1,Circle Drill,0.7112,,,0.0000,0.0000,Circle,A,0.7112,0.7112,Plated,
600,VRES_LLB_PAD18,Circle Drill,0.7112,,,0.0000,0.0000,Circle,A,0.7112,0.7112,Plated,
601,VRES_LLB_PAD19_1,Circle Drill,0.7112,,,0.0000,0.0000,Circle,A,0.7112,0.7112,Plated,
602,VRES_LLB_PAD20,Circle Drill,0.9398,,,0.0000,0.0000,Circle,A,0.9398,0.9398,Plated,
603,VRES_LLB_PAD20_1,Circle Drill,0.9398,,,0.0000,0.0000,Circle,A,0.9398,0.9398,Plated,
604,VRES_LLB_PAD21_1,Circle Drill,0.9398,,,0.0000,0.0000,Circle,A,0.9398,0.9398,Plated,
605,VRES_LLB_PAD22_1,Circle Drill,0.9398,,,0.0000,0.0000,Circle,A,0.9398,0.9398,Plated,
606,VRES_LLB_PAD23_1,Circle Drill,0.7874,,,0.0000,0.0000,Circle,A,0.7874,0.7874,Plated,
607,VRES_LLB_PAD24_1,Circle Drill,0.7112,,,0.0000,0.0000,Circle,A,0.7112,0.7112,Plated,
608,VRES_LLB_PAD25_1,Circle Drill,0.7112,,,0.0000,0.0000,Circle,A,0.7112,0.7112,Plated,
609,VRES_LLB_PAD26_1,Circle Drill,0.7112,,,0.0000,0.0000,Circle,A,0.7112,0.7112,Plated,
610,VRES_LLB_PAD27_1,Circle Drill,0.7112,,,0.0000,0.0000,Circle,A,0.7112,0.7112,Plated,
611,VRES_LLB_PAD28_1,Circle Drill,0.7112,,,0.0000,0.0000,Circle,A,0.7112,0.7112,Plated,
612,VRES_LLB_PAD29_1,Circle Drill,0.7874,,,0.0000,0.0000,Circle,A,0.7874,0.7874,Plated,
613,VRES_LLB_PAD30_1,Circle Drill,0.7874,,,0.0000,0.0000,Circle,A,0.7874,0.7874,Plated,
614,VRES_LLB_PAD31,Circle Drill,0.7874,,,0.0000,0.0000,Circle,A,0.7874,0.7874,Plated,
615,VRES_LLB_PAD32,Circle Drill,0.7874,,,0.0000,0.0000,Circle,A,0.7874,0.7874,Plated,
616,VRES_LLB_PAD33_1,Circle Drill,0.7874,,,0.0000,0.0000,Circle,A,0.7874,0.7874,Plated,
617,VRES_LLB_PAD36,Circle Drill,0.9906,,,0.0000,0.0000,Circle,A,0.9906,0.9906,Plated,
618,VRES_LLB_PAD37,Circle Drill,0.9906,,,0.0000,0.0000,Circle,A,0.9906,0.9906,Plated,
619,VRES_LLB_PAD38,Circle Drill,1.3716,,,0.0000,0.0000,Circle,A,1.3716,1.3716,Plated,
620,VRES_LLB_PAD39,Circle Drill,1.3716,,,0.0000,0.0000,Circle,A,1.3716,1.3716,Plated,
621,WCON100T_LLB_PAD1,Circle Drill,1.0668,,,0.0000,0.0000,Circle,A,1.0668,1.0668,Plated,
622,WCON100T_LLB_PAD2,Circle Drill,1.0668,,,0.0000,0.0000,Circle,A,1.0668,1.0668,Plated,
623,WCON100T_LLB_PAD3,Circle Drill,0.9398,,,0.0000,0.0000,Circle,A,0.9398,0.9398,Plated,
624,WCON100T_LLB_PAD4,Circle Drill,0.9398,,,0.0000,0.0000,Circle,A,0.9398,0.9398,Plated,
625,XT_LLB_PAD1,Circle Drill,1.0160,,,0.0000,0.0000,Circle,A,1.0160,1.0160,Plated,
626,XT_LLB_PAD2,Circle Drill,1.0160,,,0.0000,0.0000,Circle,A,1.0160,1.0160,Plated,
627,ZIGZAG_LLB_PAD1,Circle Drill,0.8636,,,0.0000,0.0000,Circle,A,0.8636,0.8636,Plated,
628,ZIGZAG_LLB_PAD1_1,Circle Drill,0.8636,,,0.0000,0.0000,Circle,A,0.8636,0.8636,Plated,
629,ZIGZAG_LLB_PAD2,Circle Drill,0.8636,,,0.0000,0.0000,Circle,A,0.8636,0.8636,Plated,
630,ZIGZAG_LLB_PAD2_1,Circle Drill,0.8636,,,0.0000,0.0000,Circle,A,0.8636,0.8636,Plated,
631,ZIGZAG_LLB_PAD3_1,Circle Drill,0.8636,,,0.0000,0.0000,Circle,A,0.8636,0.8636,Plated,
632,ZIGZAG_LLB_PAD4,Circle Drill,0.8636,,,0.0000,0.0000,Circle,A,0.8636,0.8636,Plated,
633,ZIGZAG_LLB_PAD5,Circle Drill,0.8636,,,0.0000,0.0000,Circle,A,0.8636,0.8636,Plated,
634,mtg0r90,Circle Drill,0.9000,,,0.0000,0.0000,Diamond,E,0.5000,0.5000,Non-Plated,
636,thC4r20d3r00,Circle Drill,3.0000,,,0.0000,0.0000,Hexagon X,,1.0000,1.0000,Plated,
638,thS1r70d1r10,Circle Drill,1.1000,,,0.0300,0.0300,Square,,1.1000,1.1000,Plated,
640,thc1r00d0r60,Circle Drill,0.6000,,,0.0000,0.0000,Octagon,,0.6000,0.6000,Plated,
642,thc1r20d0r80,Circle Drill,0.8000,,,0.0000,0.0000,Octagon,,0.8000,0.8000,Plated,
644,thc1r30d0r80,Circle Drill,0.8000,,,0.0000,0.0000,Octagon,,0.8000,0.8000,Plated,
646,thc1r60d0r90,Circle Drill,0.9000,,,0.0000,0.0000,Diamond,,0.9000,0.9000,Plated,
648,thc1r65d1r00,Circle Drill,1.0000,,,0.0000,0.0000,Circle,,1.0000,1.0000,Plated,
650,thc1r70d1r10,Circle Drill,1.1000,,,0.0300,0.0300,Square,,1.1000,1.1000,Plated,
652,thc2r00d1r00,Circle Drill,1.0000,,,0.0000,0.0000,Hexagon X,,1.0000,1.0000,Plated,
654,thc3r80d2r80,Circle Drill,2.8000,,,0.0000,0.0000,,A,2.8000,2.8000,Plated,
656,ths1r0d0r60,Circle Drill,0.6000,,,0.0000,0.0000,Hexagon Y,,0.6000,0.6000,Plated,
658,ths1r20d0r80,Circle Drill,0.8000,,,0.0000,0.0000,Octagon,,0.8000,0.8000,Plated,
660,ths1r60d0r90,Circle Drill,0.9000,,,0.0000,0.0000,Octagon,,0.9000,0.9000,Plated,
662,ths1r80d1r20,Circle Drill,1.3000,,,0.0000,0.0000,Triangle,,1.3000,1.3000,Plated,
664,ths2r00d1r30,Circle Drill,1.3000,,,0.0000,0.0000,Hexagon X,,1.0000,1.0000,Plated,
666,ths4r20d3r00,Circle Drill,3.0000,,,0.0000,0.0000,Hexagon X,,1.0000,1.0000,Plated,
668,via0r35d0r15,Circle Drill,0.1500,,,0.0000,0.0000,Cross,,0.2000,0.2000,Plated,
670,via0r40d0r15,Circle Drill,0.1500,,,0.0000,0.0000,Cross,,0.2000,0.2000,Plated,
672,via0r40d0r20,Circle Drill,0.2000,,,0.0000,0.0000,Cross,,0.2000,0.2000,Plated,
674,via0r45d0r20,Circle Drill,0.2000,,,0.0000,0.0000,Cross,,0.2000,0.2000,Plated,
676,via0r80d0r45,Circle Drill,0.4500,,,0.0000,0.0000,Cross,,0.2000,0.2000,Plated,
678,via26,Circle Drill,0.3048,,,0.0000,0.0000,,,1.0160,1.0160,Plated,
679,via2r21d2r20,Circle Drill,2.2000,,,0.0000,0.0000,,A,2.2000,2.2000,Non-Plated,
681,via6r4d3r2,Circle Drill,3.2000,,,0.0000,0.0000,,B,3.2000,3.2000,Plated,
