(---------------------------------------------------------------------)
(                                                                     )
(    Allegro Netrev Import Logic                                      )
(                                                                     )
(    Drawing          : cmsis_dap_receive.brd                         )
(    Software Version : unreleased                                    )
(    Date/Time        : Sun May 17 08:01:29 2020                      )
(                                                                     )
(---------------------------------------------------------------------)


------ Directives ------------

Ripup etch:                  No
Ripup delete first segment:  No
Ripup retain bondwire:       No
Ripup symbols:               Always
Missing symbol has error:    No
DRC update:                  Yes
Schematic directory:         '.'
Design Directory:            'H:/myfile/wireless_jtag/wireless_cmsis_dap_recieve_V2'
Old design name:             'H:/myfile/wireless_jtag/wireless_cmsis_dap_recieve_V2/cmsis_dap_receive.brd'
New design name:             'H:/myfile/wireless_jtag/wireless_cmsis_dap_recieve_V2/cmsis_dap_receive.brd'

CmdLine: netrev -$ -i . -y 1 -h -q netrev_constraint_report.xml H:/myfile/wireless_jtag/wireless_cmsis_dap_recieve_V2/#Taaaaat16516.tmp

------ Preparing to read pst files ------

Starting to read ./pstchip.dat 
   Finished reading ./pstchip.dat (00:00:00.01)
Starting to read ./pstxprt.dat 
   Finished reading ./pstxprt.dat (00:00:00.00)
Starting to read ./pstxnet.dat 
   Finished reading ./pstxnet.dat (00:00:00.00)

------ Oversights/Warnings/Errors ------


------ Library Paths ------
MODULEPATH =  . 
           e:/cadence/cadence/cadence_spb_17.4-2019/share/local/pcb/modules 

PSMPATH =  H:/myfile/wireless_jtag/fengzhuang 
           H:/myfile/wireless_jtag/wireless_cmsis_dap_sent 
           . 
           symbols 
           .. 
           ../symbols 
           e:/cadence/cadence/cadence_spb_17.4-2019/share/local/pcb/symbols 
           e:/cadence/cadence/cadence_spb_17.4-2019/share/pcb/pcb_lib/symbols 
           e:/cadence/cadence/cadence_spb_17.4-2019/share/pcb/allegrolib/symbols 
           H:/myfile/allegro 

PADPATH =  H:/myfile/wireless_jtag/fengzhuang 
           . 
           symbols 
           .. 
           ../symbols 
           e:/cadence/cadence/cadence_spb_17.4-2019/share/local/pcb/padstacks 
           e:/cadence/cadence/cadence_spb_17.4-2019/share/pcb/pcb_lib/symbols 
           e:/cadence/cadence/cadence_spb_17.4-2019/share/pcb/allegrolib/symbols 
           H:/myfile/wireless_jtag/wireless_cmsis_dap_sent 
           H:/myfile/wireless_jtag/pad 
           H:/myfile/allegro 


------ Summary Statistics ------


netrev run on May 17 8:01:29 2020
   DESIGN NAME : 'STLINK_WIRELESS'
   PACKAGING ON Oct  7 2019 04:16:49

   COMPILE 'logic'
   CHECK_PIN_NAMES OFF
   CROSS_REFERENCE OFF
   FEEDBACK OFF
   INCREMENTAL OFF
   INTERFACE_TYPE PHYSICAL
   MAX_ERRORS 500
   MERGE_MINIMUM 5
   NET_NAME_CHARS '#%&()*+-./:=>?@[]^_`|'
   NET_NAME_LENGTH 24
   OVERSIGHTS ON
   REPLACE_CHECK OFF
   SINGLE_NODE_NETS ON
   SPLIT_MINIMUM 0
   SUPPRESS   20
   WARNINGS ON

 No error detected
 No oversight detected
 No warning detected

cpu time      0:02:48
elapsed time  0:00:01

