(---------------------------------------------------------------------)
(                                                                     )
(    ARTWORK LOG                                                      )
(                                                                     )
(    Drawing          : cmsis_dap_receive.brd                         )
(    Software Version : unreleased                                    )
(    Date/Time        : Mon May 18 05:33:54 2020                      )
(                                                                     )
(---------------------------------------------------------------------)



 ******************************************
 WARNING: DRC OUT OF DATE on this layout.
 ******************************************

 ---- Photoplot outline rectangle not found; using drawing extents.



Results from parameter file ...
    DEVICE-TYPE           GERBER_RS274X
    OUTPUT-UNITS          MM
    FILM-SIZE             2400000 1600000
    FORMAT                2.5
    ABORT-ON-ERROR        NO
    SCALE                 1
    SUPPRESS-LEAD-ZEROES  YES
    SUPPRESS-TRAIL-ZEROES NO
    SUPPRESS-EQUAL        YES
    UNDEF-APT-CONT        NO



================================================================
     PROCESSING FILM < TOP >
     TO FILE < H:/myfile/wireless_jtag/wireless_cmsis_dap_recieve_V2/gerber/TOP.art > ...
================================================================

  FILM PARAMETERS :
  ---------------------------------------------------------
  Undefined line width                0.2000
  Mirror code                         NONE
  Rotate angle                        NONE
  Offset x:                           0.0000
  Offset y:                           0.0000
  Plot negative                       NO
  Suppress unconnected internal pads  NO
  Draw holes only                     NO



  APERTURES USED:
  ---------------------------------------------------------
  TYPE       SIZE/NAME                   ROT   MIRROR MODE 
  ---------------------------------------------------------
  CIRCLE     0.25400                                  DARK 
  CIRCLE     0.60960                                  DARK 
  CIRCLE     0.65000                                  DARK 
  CIRCLE     1.60000                                  DARK 
  SQUARE     1.60000                     0.000 NO     DARK 
  RECTANGLE  1.50000     x 1.00000      90.000 NO     DARK 
  RECTANGLE  1.52000     x 0.25000       0.000 NO     DARK 
  RECTANGLE  1.52000     x 0.25000      90.000 NO     DARK 
  RECTANGLE  1.52400     x 1.01600      90.000 NO     DARK 

     TOP created with warnings


================================================================
     PROCESSING FILM < BOTTOM >
     TO FILE < H:/myfile/wireless_jtag/wireless_cmsis_dap_recieve_V2/gerber/BOTTOM.art > ...
================================================================

  FILM PARAMETERS :
  ---------------------------------------------------------
  Undefined line width                0.2000
  Mirror code                         NONE
  Rotate angle                        NONE
  Offset x:                           0.0000
  Offset y:                           0.0000
  Plot negative                       NO
  Suppress unconnected internal pads  NO
  Draw holes only                     NO



  APERTURES USED:
  ---------------------------------------------------------
  TYPE       SIZE/NAME                   ROT   MIRROR MODE 
  ---------------------------------------------------------
  CIRCLE     0.25400                                  DARK 
  CIRCLE     0.60960                                  DARK 
  CIRCLE     0.65000                                  DARK 
  CIRCLE     0.80000                                  DARK 
  CIRCLE     1.60000                                  DARK 
  SQUARE     1.60000                     0.000 NO     DARK 
  RECTANGLE  0.65000     x 1.06000      90.000 NO     DARK 
  RECTANGLE  0.90000     x 1.20000       0.000 NO     DARK 
  RECTANGLE  0.90000     x 1.20000      90.000 NO     DARK 
  RECTANGLE  0.96520     x 0.81280       0.000 NO     DARK 
  RECTANGLE  0.96520     x 0.81280      90.000 NO     DARK 
  RECTANGLE  1.10000     x 1.00000       0.000 NO     DARK 
  RECTANGLE  1.30000     x 1.50000       0.000 NO     DARK 
  RECTANGLE  2.00000     x 2.20000       0.000 NO     DARK 

     BOTTOM created with warnings


================================================================
     PROCESSING FILM < SOLDERMASK_TOP >
     TO FILE < H:/myfile/wireless_jtag/wireless_cmsis_dap_recieve_V2/gerber/SOLDERMASK_TOP.art > ...
================================================================

  FILM PARAMETERS :
  ---------------------------------------------------------
  Undefined line width                0.1500
  Mirror code                         NONE
  Rotate angle                        NONE
  Offset x:                           0.0000
  Offset y:                           0.0000
  Plot negative                       NO
  Suppress unconnected internal pads  NO
  Draw holes only                     NO



  APERTURES USED:
  ---------------------------------------------------------
  TYPE       SIZE/NAME                   ROT   MIRROR MODE 
  ---------------------------------------------------------
  CIRCLE     0.15000                                  DARK 
  CIRCLE     1.70000                                  DARK 
  SQUARE     1.70000                     0.000 NO     DARK 
  RECTANGLE  1.60000     x 1.10000      90.000 NO     DARK 
  RECTANGLE  1.62000     x 0.35000       0.000 NO     DARK 
  RECTANGLE  1.62000     x 0.35000      90.000 NO     DARK 
  RECTANGLE  2.03200     x 1.52400      90.000 NO     DARK 

     SOLDERMASK_TOP created with warnings


================================================================
     PROCESSING FILM < SOLDERMASK_BOTTOM >
     TO FILE < H:/myfile/wireless_jtag/wireless_cmsis_dap_recieve_V2/gerber/SOLDERMASK_BOTTOM.art > ...
================================================================

  FILM PARAMETERS :
  ---------------------------------------------------------
  Undefined line width                0.2000
  Mirror code                         NONE
  Rotate angle                        NONE
  Offset x:                           0.0000
  Offset y:                           0.0000
  Plot negative                       NO
  Suppress unconnected internal pads  NO
  Draw holes only                     NO



  APERTURES USED:
  ---------------------------------------------------------
  TYPE       SIZE/NAME                   ROT   MIRROR MODE 
  ---------------------------------------------------------
  CIRCLE     0.20000                                  DARK 
  CIRCLE     1.70000                                  DARK 
  SQUARE     1.70000                     0.000 NO     DARK 
  RECTANGLE  0.75000     x 1.16000      90.000 NO     DARK 
  RECTANGLE  1.00000     x 1.30000       0.000 NO     DARK 
  RECTANGLE  1.00000     x 1.30000      90.000 NO     DARK 
  RECTANGLE  1.20000     x 1.10000       0.000 NO     DARK 
  RECTANGLE  1.40000     x 1.60000       0.000 NO     DARK 
  RECTANGLE  1.47320     x 1.32080       0.000 NO     DARK 
  RECTANGLE  1.47320     x 1.32080      90.000 NO     DARK 
  RECTANGLE  2.10000     x 2.30000       0.000 NO     DARK 

     SOLDERMASK_BOTTOM created with warnings


================================================================
     PROCESSING FILM < OUTLINE >
     TO FILE < H:/myfile/wireless_jtag/wireless_cmsis_dap_recieve_V2/gerber/OUTLINE.art > ...
================================================================

  FILM PARAMETERS :
  ---------------------------------------------------------
  Undefined line width                0.2000
  Mirror code                         NONE
  Rotate angle                        NONE
  Offset x:                           0.0000
  Offset y:                           0.0000
  Plot negative                       NO
  Suppress unconnected internal pads  NO
  Draw holes only                     NO



  APERTURES USED:
  ---------------------------------------------------------
  TYPE       SIZE/NAME                   ROT   MIRROR MODE 
  ---------------------------------------------------------
  CIRCLE     0.20000                                  DARK 

     OUTLINE created with warnings


================================================================
     PROCESSING FILM < DRILL >
     TO FILE < H:/myfile/wireless_jtag/wireless_cmsis_dap_recieve_V2/gerber/DRILL.art > ...
================================================================

  FILM PARAMETERS :
  ---------------------------------------------------------
  Undefined line width                0.2000
  Mirror code                         NONE
  Rotate angle                        NONE
  Offset x:                           0.0000
  Offset y:                           0.0000
  Plot negative                       NO
  Suppress unconnected internal pads  NO
  Draw holes only                     NO

    WARNING: 0 width line found at (-41.3512 -49.4514)
           ... using undefined line width of 0.2000

    WARNING: Multiple 0 width lines; all will be treated the same as the first.
           ... using undefined line width of 0.2000

    WARNING: text composed 0 width line found at (-29.9339 -28.8139)
           ... using undefined line width of 0.2000

    WARNING: text having Multiple 0 width lines; all will be treated the same as the first.
           ... using undefined line width of 0.2000



  APERTURES USED:
  ---------------------------------------------------------
  TYPE       SIZE/NAME                   ROT   MIRROR MODE 
  ---------------------------------------------------------
  CIRCLE     0.20000                                  DARK 

     DRILL created with warnings


================================================================
     PROCESSING FILM < SILKSCREEN_BOTTOM >
     TO FILE < H:/myfile/wireless_jtag/wireless_cmsis_dap_recieve_V2/gerber/SILKSCREEN_BOTTOM.art > ...
================================================================

  FILM PARAMETERS :
  ---------------------------------------------------------
  Undefined line width                0.1500
  Mirror code                         NONE
  Rotate angle                        NONE
  Offset x:                           0.0000
  Offset y:                           0.0000
  Plot negative                       NO
  Suppress unconnected internal pads  NO
  Draw holes only                     NO



  APERTURES USED:
  ---------------------------------------------------------
  TYPE       SIZE/NAME                   ROT   MIRROR MODE 
  ---------------------------------------------------------
  CIRCLE     0.10000                                  DARK 
  CIRCLE     0.10160                                  DARK 
  CIRCLE     0.12700                                  DARK 
  CIRCLE     0.15000                                  DARK 
  CIRCLE     0.15010                                  DARK 
  CIRCLE     0.15240                                  DARK 
  CIRCLE     0.20000                                  DARK 

     SILKSCREEN_BOTTOM created with warnings


================================================================
     PROCESSING FILM < SILKSCREEN_TOP >
     TO FILE < H:/myfile/wireless_jtag/wireless_cmsis_dap_recieve_V2/gerber/SILKSCREEN_TOP.art > ...
================================================================

  FILM PARAMETERS :
  ---------------------------------------------------------
  Undefined line width                0.1500
  Mirror code                         NONE
  Rotate angle                        NONE
  Offset x:                           0.0000
  Offset y:                           0.0000
  Plot negative                       NO
  Suppress unconnected internal pads  NO
  Draw holes only                     NO



  APERTURES USED:
  ---------------------------------------------------------
  TYPE       SIZE/NAME                   ROT   MIRROR MODE 
  ---------------------------------------------------------
  CIRCLE     0.12700                                  DARK 
  CIRCLE     0.15000                                  DARK 
  CIRCLE     0.25400                                  DARK 

     SILKSCREEN_TOP created with warnings


------------------------------------------------------
 SUMMARY:
        TOP created with warnings
        BOTTOM created with warnings
        SOLDERMASK_TOP created with warnings
        SOLDERMASK_BOTTOM created with warnings
        OUTLINE created with warnings
        DRILL created with warnings
        SILKSCREEN_BOTTOM created with warnings
        SILKSCREEN_TOP created with warnings

 ARTWORK had warnings
